{"/home/travis/build/npmtest/node-npmtest-koa-validate/test.js":{"path":"/home/travis/build/npmtest/node-npmtest-koa-validate/test.js","s":{"1":2,"2":2,"3":2,"4":2,"5":2,"6":2,"7":2,"8":1,"9":2,"10":2,"11":1,"12":1,"13":1,"14":1,"15":2,"16":2,"17":2,"18":2,"19":1,"20":1,"21":2,"22":2,"23":2,"24":1,"25":1,"26":1,"27":1,"28":1,"29":1,"30":1,"31":1,"32":1,"33":1,"34":1,"35":1,"36":1,"37":1,"38":1,"39":2,"40":2,"41":1,"42":2,"43":2,"44":1,"45":2,"46":2,"47":1,"48":2,"49":2,"50":1,"51":1,"52":1,"53":1,"54":1},"b":{"1":[2,1,1,1],"2":[1,1,1,1],"3":[1,1],"4":[1,1],"5":[1,1],"6":[1,1],"7":[1,1],"8":[1,1],"9":[1,1],"10":[1,1,1],"11":[1,1],"12":[1,1],"13":[1,1],"14":[1,1],"15":[1,1],"16":[1,1],"17":[1,1]},"f":{"1":2,"2":2,"3":2,"4":2,"5":2,"6":1,"7":1,"8":1,"9":2,"10":2,"11":2,"12":2,"13":1},"fnMap":{"1":{"name":"(anonymous_1)","line":12,"loc":{"start":{"line":12,"column":1},"end":{"line":12,"column":13}}},"2":{"name":"(anonymous_2)","line":19,"loc":{"start":{"line":19,"column":5},"end":{"line":19,"column":17}}},"3":{"name":"(anonymous_3)","line":23,"loc":{"start":{"line":23,"column":24},"end":{"line":23,"column":36}}},"4":{"name":"(anonymous_4)","line":61,"loc":{"start":{"line":61,"column":5},"end":{"line":61,"column":17}}},"5":{"name":"(anonymous_5)","line":82,"loc":{"start":{"line":82,"column":5},"end":{"line":82,"column":17}}},"6":{"name":"(anonymous_6)","line":91,"loc":{"start":{"line":91,"column":77},"end":{"line":94,"column":10}}},"7":{"name":"(anonymous_7)","line":112,"loc":{"start":{"line":112,"column":83},"end":{"line":115,"column":10}},"skip":true},"8":{"name":"(anonymous_8)","line":123,"loc":{"start":{"line":123,"column":77},"end":{"line":126,"column":10}},"skip":true},"9":{"name":"(anonymous_9)","line":139,"loc":{"start":{"line":139,"column":12},"end":{"line":139,"column":40}},"skip":true},"10":{"name":"(anonymous_10)","line":147,"loc":{"start":{"line":147,"column":77},"end":{"line":150,"column":10}},"skip":true},"11":{"name":"(anonymous_11)","line":158,"loc":{"start":{"line":158,"column":83},"end":{"line":161,"column":10}},"skip":true},"12":{"name":"(anonymous_12)","line":169,"loc":{"start":{"line":169,"column":79},"end":{"line":172,"column":10}},"skip":true},"13":{"name":"(anonymous_13)","line":180,"loc":{"start":{"line":180,"column":75},"end":{"line":183,"column":10}},"skip":true}},"statementMap":{"1":{"start":{"line":12,"column":0},"end":{"line":195,"column":5}},"2":{"start":{"line":14,"column":4},"end":{"line":14,"column":14}},"3":{"start":{"line":19,"column":4},"end":{"line":56,"column":9}},"4":{"start":{"line":21,"column":8},"end":{"line":21,"column":19}},"5":{"start":{"line":23,"column":8},"end":{"line":35,"column":13}},"6":{"start":{"line":24,"column":12},"end":{"line":34,"column":13}},"7":{"start":{"line":25,"column":16},"end":{"line":28,"column":30}},"8":{"start":{"line":30,"column":16},"end":{"line":33,"column":27}},"9":{"start":{"line":37,"column":8},"end":{"line":39,"column":21}},"10":{"start":{"line":40,"column":8},"end":{"line":53,"column":9}},"11":{"start":{"line":43,"column":12},"end":{"line":46,"column":14}},"12":{"start":{"line":47,"column":12},"end":{"line":47,"column":18}},"13":{"start":{"line":50,"column":12},"end":{"line":51,"column":46}},"14":{"start":{"line":52,"column":12},"end":{"line":52,"column":18}},"15":{"start":{"line":55,"column":8},"end":{"line":55,"column":35}},"16":{"start":{"line":61,"column":4},"end":{"line":63,"column":9}},"17":{"start":{"line":62,"column":8},"end":{"line":62,"column":15}},"18":{"start":{"line":64,"column":4},"end":{"line":77,"column":5}},"19":{"start":{"line":70,"column":8},"end":{"line":70,"column":14}},"20":{"start":{"line":76,"column":8},"end":{"line":76,"column":14}},"21":{"start":{"line":82,"column":4},"end":{"line":84,"column":9}},"22":{"start":{"line":83,"column":8},"end":{"line":83,"column":15}},"23":{"start":{"line":85,"column":4},"end":{"line":194,"column":5}},"24":{"start":{"line":91,"column":8},"end":{"line":99,"column":10}},"25":{"start":{"line":98,"column":12},"end":{"line":98,"column":35}},"26":{"start":{"line":102,"column":8},"end":{"line":104,"column":63}},"27":{"start":{"line":105,"column":8},"end":{"line":105,"column":14}},"28":{"start":{"line":112,"column":8},"end":{"line":121,"column":10},"skip":true},"29":{"start":{"line":119,"column":12},"end":{"line":119,"column":55},"skip":true},"30":{"start":{"line":120,"column":12},"end":{"line":120,"column":48},"skip":true},"31":{"start":{"line":123,"column":8},"end":{"line":136,"column":10},"skip":true},"32":{"start":{"line":130,"column":12},"end":{"line":130,"column":76},"skip":true},"33":{"start":{"line":131,"column":12},"end":{"line":131,"column":73},"skip":true},"34":{"start":{"line":132,"column":12},"end":{"line":132,"column":74},"skip":true},"35":{"start":{"line":133,"column":12},"end":{"line":133,"column":79},"skip":true},"36":{"start":{"line":134,"column":12},"end":{"line":134,"column":25},"skip":true},"37":{"start":{"line":135,"column":12},"end":{"line":135,"column":45},"skip":true},"38":{"start":{"line":138,"column":8},"end":{"line":145,"column":14},"skip":true},"39":{"start":{"line":143,"column":16},"end":{"line":143,"column":29},"skip":true},"40":{"start":{"line":144,"column":16},"end":{"line":144,"column":55},"skip":true},"41":{"start":{"line":147,"column":8},"end":{"line":156,"column":10},"skip":true},"42":{"start":{"line":154,"column":12},"end":{"line":154,"column":25},"skip":true},"43":{"start":{"line":155,"column":12},"end":{"line":155,"column":45},"skip":true},"44":{"start":{"line":158,"column":8},"end":{"line":167,"column":10},"skip":true},"45":{"start":{"line":165,"column":12},"end":{"line":165,"column":25},"skip":true},"46":{"start":{"line":166,"column":12},"end":{"line":166,"column":48},"skip":true},"47":{"start":{"line":169,"column":8},"end":{"line":178,"column":10},"skip":true},"48":{"start":{"line":176,"column":12},"end":{"line":176,"column":25},"skip":true},"49":{"start":{"line":177,"column":12},"end":{"line":177,"column":46},"skip":true},"50":{"start":{"line":180,"column":8},"end":{"line":189,"column":10},"skip":true},"51":{"start":{"line":187,"column":12},"end":{"line":187,"column":94},"skip":true},"52":{"start":{"line":188,"column":12},"end":{"line":188,"column":48},"skip":true},"53":{"start":{"line":192,"column":8},"end":{"line":192,"column":35},"skip":true},"54":{"start":{"line":193,"column":8},"end":{"line":193,"column":14},"skip":true}},"branchMap":{"1":{"line":25,"type":"binary-expr","locations":[{"start":{"line":25,"column":23},"end":{"line":25,"column":62}},{"start":{"line":26,"column":20},"end":{"line":26,"column":70}},{"start":{"line":27,"column":20},"end":{"line":27,"column":71}},{"start":{"line":28,"column":20},"end":{"line":28,"column":29}}]},"2":{"line":30,"type":"binary-expr","locations":[{"start":{"line":30,"column":23},"end":{"line":30,"column":37}},{"start":{"line":31,"column":20},"end":{"line":31,"column":61}},{"start":{"line":32,"column":20},"end":{"line":32,"column":70}},{"start":{"line":33,"column":20},"end":{"line":33,"column":26}}]},"3":{"line":37,"type":"cond-expr","locations":[{"start":{"line":38,"column":14},"end":{"line":38,"column":20}},{"start":{"line":39,"column":14},"end":{"line":39,"column":20}}]},"4":{"line":40,"type":"switch","locations":[{"start":{"line":42,"column":8},"end":{"line":47,"column":18}},{"start":{"line":49,"column":8},"end":{"line":52,"column":18}}]},"5":{"line":44,"type":"binary-expr","locations":[{"start":{"line":44,"column":16},"end":{"line":44,"column":44}},{"start":{"line":44,"column":48},"end":{"line":44,"column":66}}]},"6":{"line":50,"type":"binary-expr","locations":[{"start":{"line":50,"column":21},"end":{"line":50,"column":49}},{"start":{"line":50,"column":53},"end":{"line":50,"column":72}}]},"7":{"line":64,"type":"switch","locations":[{"start":{"line":69,"column":4},"end":{"line":70,"column":14}},{"start":{"line":75,"column":4},"end":{"line":76,"column":14}}]},"8":{"line":85,"type":"switch","locations":[{"start":{"line":90,"column":4},"end":{"line":105,"column":14}},{"start":{"line":111,"column":4},"end":{"line":193,"column":14},"skip":true}]},"9":{"line":91,"type":"binary-expr","locations":[{"start":{"line":91,"column":42},"end":{"line":91,"column":73}},{"start":{"line":91,"column":77},"end":{"line":99,"column":9}}]},"10":{"line":102,"type":"binary-expr","locations":[{"start":{"line":102,"column":18},"end":{"line":102,"column":32}},{"start":{"line":103,"column":12},"end":{"line":103,"column":53}},{"start":{"line":104,"column":12},"end":{"line":104,"column":61}}]},"11":{"line":112,"type":"binary-expr","locations":[{"start":{"line":112,"column":45},"end":{"line":112,"column":79},"skip":true},{"start":{"line":112,"column":83},"end":{"line":121,"column":9},"skip":true}]},"12":{"line":123,"type":"binary-expr","locations":[{"start":{"line":123,"column":42},"end":{"line":123,"column":73},"skip":true},{"start":{"line":123,"column":77},"end":{"line":136,"column":9},"skip":true}]},"13":{"line":138,"type":"binary-expr","locations":[{"start":{"line":138,"column":48},"end":{"line":138,"column":85},"skip":true},{"start":{"line":139,"column":12},"end":{"line":145,"column":13},"skip":true}]},"14":{"line":147,"type":"binary-expr","locations":[{"start":{"line":147,"column":42},"end":{"line":147,"column":73},"skip":true},{"start":{"line":147,"column":77},"end":{"line":156,"column":9},"skip":true}]},"15":{"line":158,"type":"binary-expr","locations":[{"start":{"line":158,"column":45},"end":{"line":158,"column":79},"skip":true},{"start":{"line":158,"column":83},"end":{"line":167,"column":9},"skip":true}]},"16":{"line":169,"type":"binary-expr","locations":[{"start":{"line":169,"column":43},"end":{"line":169,"column":75},"skip":true},{"start":{"line":169,"column":79},"end":{"line":178,"column":9},"skip":true}]},"17":{"line":180,"type":"binary-expr","locations":[{"start":{"line":180,"column":41},"end":{"line":180,"column":71},"skip":true},{"start":{"line":180,"column":75},"end":{"line":189,"column":9},"skip":true}]}},"code":["/* istanbul instrument in package npmtest_koa_validate */","/*jslint","    bitwise: true,","    browser: true,","    maxerr: 8,","    maxlen: 96,","    node: true,","    nomen: true,","    regexp: true,","    stupid: true","*/","(function () {","    'use strict';","    var local;","","","","    // run shared js-env code - pre-init","    (function () {","        // init local","        local = {};","        // init modeJs","        local.modeJs = (function () {","            try {","                return typeof navigator.userAgent === 'string' &&","                    typeof document.querySelector('body') === 'object' &&","                    typeof XMLHttpRequest.prototype.open === 'function' &&","                    'browser';","            } catch (errorCaughtBrowser) {","                return module.exports &&","                    typeof process.versions.node === 'string' &&","                    typeof require('http').createServer === 'function' &&","                    'node';","            }","        }());","        // init global","        local.global = local.modeJs === 'browser'","            ? window","            : global;","        switch (local.modeJs) {","        // re-init local from window.local","        case 'browser':","            local = local.global.utility2.objectSetDefault(","                local.global.utility2_rollup || local.global.local,","                local.global.utility2","            );","            break;","        // re-init local from example.js","        case 'node':","            local = (local.global.utility2_rollup || require('utility2'))","                .requireExampleJsFromReadme();","            break;","        }","        // export local","        local.global.local = local;","    }());","","","","    // run shared js-env code - function","    (function () {","        return;","    }());","    switch (local.modeJs) {","","","","    // run browser js-env code - function","    case 'browser':","        break;","","","","    // run node js-env code - function","    case 'node':","        break;","    }","","","","    // run shared js-env code - post-init","    (function () {","        return;","    }());","    switch (local.modeJs) {","","","","    // run browser js-env code - post-init","    case 'browser':","        local.testCase_browser_nullCase = local.testCase_browser_nullCase || function (","            options,","            onError","        ) {","        /*","         * this function will test browsers's null-case handling-behavior-behavior","         */","            onError(null, options);","        };","","        // run tests","        local.nop(local.modeTest &&","            document.querySelector('#testRunButton1') &&","            document.querySelector('#testRunButton1').click());","        break;","","","","    // run node js-env code - post-init","    /* istanbul ignore next */","    case 'node':","        local.testCase_buildApidoc_default = local.testCase_buildApidoc_default || function (","            options,","            onError","        ) {","        /*","         * this function will test buildApidoc's default handling-behavior-behavior","         */","            options = { modulePathList: module.paths };","            local.buildApidoc(options, onError);","        };","","        local.testCase_buildApp_default = local.testCase_buildApp_default || function (","            options,","            onError","        ) {","        /*","         * this function will test buildApp's default handling-behavior-behavior","         */","            local.testCase_buildReadme_default(options, local.onErrorThrow);","            local.testCase_buildLib_default(options, local.onErrorThrow);","            local.testCase_buildTest_default(options, local.onErrorThrow);","            local.testCase_buildCustomOrg_default(options, local.onErrorThrow);","            options = [];","            local.buildApp(options, onError);","        };","","        local.testCase_buildCustomOrg_default = local.testCase_buildCustomOrg_default ||","            function (options, onError) {","            /*","             * this function will test buildCustomOrg's default handling-behavior","             */","                options = {};","                local.buildCustomOrg(options, onError);","            };","","        local.testCase_buildLib_default = local.testCase_buildLib_default || function (","            options,","            onError","        ) {","        /*","         * this function will test buildLib's default handling-behavior","         */","            options = {};","            local.buildLib(options, onError);","        };","","        local.testCase_buildReadme_default = local.testCase_buildReadme_default || function (","            options,","            onError","        ) {","        /*","         * this function will test buildReadme's default handling-behavior-behavior","         */","            options = {};","            local.buildReadme(options, onError);","        };","","        local.testCase_buildTest_default = local.testCase_buildTest_default || function (","            options,","            onError","        ) {","        /*","         * this function will test buildTest's default handling-behavior","         */","            options = {};","            local.buildTest(options, onError);","        };","","        local.testCase_webpage_default = local.testCase_webpage_default || function (","            options,","            onError","        ) {","        /*","         * this function will test webpage's default handling-behavior","         */","            options = { modeCoverageMerge: true, url: local.serverLocalHost + '?modeTest=1' };","            local.browserTest(options, onError);","        };","","        // run test-server","        local.testRunServer(local);","        break;","    }","}());",""],"l":{"12":2,"14":2,"19":2,"21":2,"23":2,"24":2,"25":2,"30":1,"37":2,"40":2,"43":1,"47":1,"50":1,"52":1,"55":2,"61":2,"62":2,"64":2,"70":1,"76":1,"82":2,"83":2,"85":2,"91":1,"98":1,"102":1,"105":1,"112":1,"119":1,"120":1,"123":1,"130":1,"131":1,"132":1,"133":1,"134":1,"135":1,"138":1,"143":2,"144":2,"147":1,"154":2,"155":2,"158":1,"165":2,"166":2,"169":1,"176":2,"177":2,"180":1,"187":1,"188":1,"192":1,"193":1}},"/home/travis/build/npmtest/node-npmtest-koa-validate/lib.npmtest_koa_validate.js":{"path":"/home/travis/build/npmtest/node-npmtest-koa-validate/lib.npmtest_koa_validate.js","s":{"1":2,"2":2,"3":2,"4":2,"5":2,"6":2,"7":2,"8":1,"9":2,"10":2,"11":2,"12":2,"13":1,"14":1,"15":1,"16":1},"b":{"1":[2,1,1,1],"2":[1,1,1,1],"3":[1,1],"4":[2,2],"5":[1,1]},"f":{"1":2,"2":2,"3":2},"fnMap":{"1":{"name":"(anonymous_1)","line":12,"loc":{"start":{"line":12,"column":1},"end":{"line":12,"column":13}}},"2":{"name":"(anonymous_2)","line":19,"loc":{"start":{"line":19,"column":5},"end":{"line":19,"column":17}}},"3":{"name":"(anonymous_3)","line":23,"loc":{"start":{"line":23,"column":24},"end":{"line":23,"column":36}}}},"statementMap":{"1":{"start":{"line":12,"column":0},"end":{"line":53,"column":5}},"2":{"start":{"line":14,"column":4},"end":{"line":14,"column":14}},"3":{"start":{"line":19,"column":4},"end":{"line":52,"column":9}},"4":{"start":{"line":21,"column":8},"end":{"line":21,"column":19}},"5":{"start":{"line":23,"column":8},"end":{"line":35,"column":13}},"6":{"start":{"line":24,"column":12},"end":{"line":34,"column":13}},"7":{"start":{"line":25,"column":16},"end":{"line":28,"column":30}},"8":{"start":{"line":30,"column":16},"end":{"line":33,"column":27}},"9":{"start":{"line":37,"column":8},"end":{"line":39,"column":21}},"10":{"start":{"line":41,"column":8},"end":{"line":41,"column":54}},"11":{"start":{"line":43,"column":8},"end":{"line":43,"column":57}},"12":{"start":{"line":45,"column":8},"end":{"line":51,"column":9}},"13":{"start":{"line":46,"column":12},"end":{"line":46,"column":63}},"14":{"start":{"line":48,"column":12},"end":{"line":48,"column":35}},"15":{"start":{"line":49,"column":12},"end":{"line":49,"column":49}},"16":{"start":{"line":50,"column":12},"end":{"line":50,"column":43}}},"branchMap":{"1":{"line":25,"type":"binary-expr","locations":[{"start":{"line":25,"column":23},"end":{"line":25,"column":62}},{"start":{"line":26,"column":20},"end":{"line":26,"column":70}},{"start":{"line":27,"column":20},"end":{"line":27,"column":71}},{"start":{"line":28,"column":20},"end":{"line":28,"column":29}}]},"2":{"line":30,"type":"binary-expr","locations":[{"start":{"line":30,"column":23},"end":{"line":30,"column":37}},{"start":{"line":31,"column":20},"end":{"line":31,"column":61}},{"start":{"line":32,"column":20},"end":{"line":32,"column":70}},{"start":{"line":33,"column":20},"end":{"line":33,"column":26}}]},"3":{"line":37,"type":"cond-expr","locations":[{"start":{"line":38,"column":14},"end":{"line":38,"column":20}},{"start":{"line":39,"column":14},"end":{"line":39,"column":20}}]},"4":{"line":41,"type":"binary-expr","locations":[{"start":{"line":41,"column":16},"end":{"line":41,"column":44}},{"start":{"line":41,"column":48},"end":{"line":41,"column":53}}]},"5":{"line":45,"type":"if","locations":[{"start":{"line":45,"column":8},"end":{"line":45,"column":8}},{"start":{"line":45,"column":8},"end":{"line":45,"column":8}}]}},"code":["/* istanbul instrument in package npmtest_koa_validate */","/*jslint","    bitwise: true,","    browser: true,","    maxerr: 8,","    maxlen: 96,","    node: true,","    nomen: true,","    regexp: true,","    stupid: true","*/","(function () {","    'use strict';","    var local;","","","","    // run shared js-env code - pre-init","    (function () {","        // init local","        local = {};","        // init modeJs","        local.modeJs = (function () {","            try {","                return typeof navigator.userAgent === 'string' &&","                    typeof document.querySelector('body') === 'object' &&","                    typeof XMLHttpRequest.prototype.open === 'function' &&","                    'browser';","            } catch (errorCaughtBrowser) {","                return module.exports &&","                    typeof process.versions.node === 'string' &&","                    typeof require('http').createServer === 'function' &&","                    'node';","            }","        }());","        // init global","        local.global = local.modeJs === 'browser'","            ? window","            : global;","        // init utility2_rollup","        local = local.global.utility2_rollup || local;","        // init lib","        local.local = local.npmtest_koa_validate = local;","        // init exports","        if (local.modeJs === 'browser') {","            local.global.utility2_npmtest_koa_validate = local;","        } else {","            module.exports = local;","            module.exports.__dirname = __dirname;","            module.exports.module = module;","        }","    }());","}());",""],"l":{"12":2,"14":2,"19":2,"21":2,"23":2,"24":2,"25":2,"30":1,"37":2,"41":2,"43":2,"45":2,"46":1,"48":1,"49":1,"50":1}},"/home/travis/build/npmtest/node-npmtest-koa-validate/example.js":{"path":"/home/travis/build/npmtest/node-npmtest-koa-validate/example.js","s":{"1":2,"2":2,"3":2,"4":2,"5":2,"6":2,"7":2,"8":1,"9":2,"10":2,"11":2,"12":2,"13":1,"14":2,"15":2,"16":2,"17":2,"18":2,"19":0,"20":2,"21":1,"22":1,"23":1,"24":1,"25":1,"26":0,"27":0,"28":1,"29":1,"30":2,"31":0,"32":0,"33":0,"34":1,"35":2,"36":2,"37":3,"38":3,"39":3,"40":3,"41":0,"42":3,"43":3,"44":3,"45":1,"46":3,"47":1,"48":1,"49":1,"50":1,"51":1,"52":1,"53":1,"54":1,"55":1,"56":1,"57":0,"58":1,"59":6,"60":6,"61":1,"62":2,"63":0,"64":2,"65":1,"66":1,"67":0,"68":0,"69":0,"70":0,"71":0,"72":0,"73":0,"74":0,"75":0,"76":0,"77":0,"78":0,"79":0,"80":0,"81":0,"82":0,"83":0},"b":{"1":[2,1,1,1],"2":[1,1,1,1],"3":[1,1],"4":[2,2],"5":[1,1],"6":[1,1],"7":[2,0],"8":[2,1,1,1,1,1],"9":[0,2,0],"10":[1,1],"11":[2,1,1],"12":[1,0],"13":[0,2],"14":[2,0,0,0,0,0,0],"15":[0,3],"16":[3,0],"17":[1,1],"18":[0,1],"19":[1,2,0,2],"20":[1,0],"21":[1,1],"22":[0,0],"23":[0,0],"24":[0,0],"25":[0,0],"26":[0,0],"27":[0,0],"28":[0,0]},"f":{"1":2,"2":2,"3":2,"4":2,"5":2,"6":2,"7":3,"8":3,"9":3,"10":1,"11":6,"12":0},"fnMap":{"1":{"name":"(anonymous_1)","line":26,"loc":{"start":{"line":26,"column":1},"end":{"line":26,"column":13}}},"2":{"name":"(anonymous_2)","line":33,"loc":{"start":{"line":33,"column":5},"end":{"line":33,"column":17}}},"3":{"name":"(anonymous_3)","line":37,"loc":{"start":{"line":37,"column":24},"end":{"line":37,"column":36}}},"4":{"name":"(anonymous_4)","line":69,"loc":{"start":{"line":69,"column":31},"end":{"line":69,"column":48}},"skip":true},"5":{"name":"(anonymous_5)","line":78,"loc":{"start":{"line":78,"column":26},"end":{"line":78,"column":45}},"skip":true},"6":{"name":"(anonymous_6)","line":123,"loc":{"start":{"line":123,"column":33},"end":{"line":123,"column":48}},"skip":true},"7":{"name":"(anonymous_7)","line":125,"loc":{"start":{"line":125,"column":27},"end":{"line":125,"column":39}},"skip":true},"8":{"name":"(anonymous_8)","line":133,"loc":{"start":{"line":133,"column":59},"end":{"line":133,"column":74}},"skip":true},"9":{"name":"(anonymous_9)","line":143,"loc":{"start":{"line":143,"column":45},"end":{"line":143,"column":62}},"skip":true},"10":{"name":"(anonymous_10)","line":144,"loc":{"start":{"line":144,"column":73},"end":{"line":144,"column":92}},"skip":true},"11":{"name":"(anonymous_11)","line":272,"loc":{"start":{"line":272,"column":51},"end":{"line":272,"column":77}},"skip":true},"12":{"name":"(anonymous_12)","line":315,"loc":{"start":{"line":315,"column":32},"end":{"line":315,"column":61}},"skip":true}},"statementMap":{"1":{"start":{"line":26,"column":0},"end":{"line":326,"column":5}},"2":{"start":{"line":28,"column":4},"end":{"line":28,"column":14}},"3":{"start":{"line":33,"column":4},"end":{"line":60,"column":9}},"4":{"start":{"line":35,"column":8},"end":{"line":35,"column":19}},"5":{"start":{"line":37,"column":8},"end":{"line":49,"column":13}},"6":{"start":{"line":38,"column":12},"end":{"line":48,"column":13}},"7":{"start":{"line":39,"column":16},"end":{"line":42,"column":30}},"8":{"start":{"line":44,"column":16},"end":{"line":47,"column":27}},"9":{"start":{"line":51,"column":8},"end":{"line":53,"column":21}},"10":{"start":{"line":55,"column":8},"end":{"line":57,"column":45}},"11":{"start":{"line":59,"column":8},"end":{"line":59,"column":35}},"12":{"start":{"line":61,"column":4},"end":{"line":325,"column":5}},"13":{"start":{"line":69,"column":8},"end":{"line":121,"column":10},"skip":true},"14":{"start":{"line":70,"column":12},"end":{"line":88,"column":13},"skip":true},"15":{"start":{"line":76,"column":16},"end":{"line":87,"column":19},"skip":true},"16":{"start":{"line":79,"column":20},"end":{"line":86,"column":21},"skip":true},"17":{"start":{"line":82,"column":24},"end":{"line":82,"column":43},"skip":true},"18":{"start":{"line":83,"column":24},"end":{"line":83,"column":30},"skip":true},"19":{"start":{"line":85,"column":24},"end":{"line":85,"column":49},"skip":true},"20":{"start":{"line":89,"column":12},"end":{"line":107,"column":13},"skip":true},"21":{"start":{"line":92,"column":16},"end":{"line":102,"column":17},"skip":true},"22":{"start":{"line":93,"column":20},"end":{"line":93,"column":86},"skip":true},"23":{"start":{"line":94,"column":20},"end":{"line":95,"column":45},"skip":true},"24":{"start":{"line":96,"column":20},"end":{"line":96,"column":42},"skip":true},"25":{"start":{"line":97,"column":20},"end":{"line":97,"column":48},"skip":true},"26":{"start":{"line":100,"column":20},"end":{"line":100,"column":85},"skip":true},"27":{"start":{"line":101,"column":20},"end":{"line":101,"column":96},"skip":true},"28":{"start":{"line":103,"column":16},"end":{"line":103,"column":22},"skip":true},"29":{"start":{"line":106,"column":16},"end":{"line":106,"column":22},"skip":true},"30":{"start":{"line":108,"column":12},"end":{"line":120,"column":13},"skip":true},"31":{"start":{"line":114,"column":16},"end":{"line":119,"column":17},"skip":true},"32":{"start":{"line":116,"column":20},"end":{"line":116,"column":78},"skip":true},"33":{"start":{"line":118,"column":20},"end":{"line":118,"column":47},"skip":true},"34":{"start":{"line":123,"column":8},"end":{"line":141,"column":11},"skip":true},"35":{"start":{"line":124,"column":12},"end":{"line":124,"column":54},"skip":true},"36":{"start":{"line":125,"column":12},"end":{"line":140,"column":14},"skip":true},"37":{"start":{"line":126,"column":16},"end":{"line":126,"column":28},"skip":true},"38":{"start":{"line":127,"column":16},"end":{"line":127,"column":69},"skip":true},"39":{"start":{"line":128,"column":16},"end":{"line":128,"column":75},"skip":true},"40":{"start":{"line":129,"column":16},"end":{"line":131,"column":17},"skip":true},"41":{"start":{"line":130,"column":20},"end":{"line":130,"column":27},"skip":true},"42":{"start":{"line":133,"column":16},"end":{"line":137,"column":36},"skip":true},"43":{"start":{"line":134,"column":20},"end":{"line":136,"column":55},"skip":true},"44":{"start":{"line":139,"column":16},"end":{"line":139,"column":57},"skip":true},"45":{"start":{"line":143,"column":8},"end":{"line":147,"column":11},"skip":true},"46":{"start":{"line":144,"column":12},"end":{"line":146,"column":15},"skip":true},"47":{"start":{"line":145,"column":16},"end":{"line":145,"column":70},"skip":true},"48":{"start":{"line":149,"column":8},"end":{"line":149,"column":31},"skip":true},"49":{"start":{"line":150,"column":8},"end":{"line":150,"column":14},"skip":true},"50":{"start":{"line":158,"column":8},"end":{"line":158,"column":31},"skip":true},"51":{"start":{"line":160,"column":8},"end":{"line":160,"column":33},"skip":true},"52":{"start":{"line":161,"column":8},"end":{"line":161,"column":37},"skip":true},"53":{"start":{"line":162,"column":8},"end":{"line":162,"column":35},"skip":true},"54":{"start":{"line":164,"column":8},"end":{"line":164,"column":50},"skip":true},"55":{"start":{"line":166,"column":8},"end":{"line":256,"column":2},"skip":true},"56":{"start":{"line":258,"column":8},"end":{"line":286,"column":9},"skip":true},"57":{"start":{"line":259,"column":12},"end":{"line":269,"column":14},"skip":true},"58":{"start":{"line":271,"column":12},"end":{"line":285,"column":19},"skip":true},"59":{"start":{"line":274,"column":20},"end":{"line":274,"column":35},"skip":true},"60":{"start":{"line":275,"column":20},"end":{"line":284,"column":21},"skip":true},"61":{"start":{"line":277,"column":24},"end":{"line":277,"column":64},"skip":true},"62":{"start":{"line":279,"column":24},"end":{"line":279,"column":40},"skip":true},"63":{"start":{"line":281,"column":24},"end":{"line":281,"column":40},"skip":true},"64":{"start":{"line":283,"column":24},"end":{"line":283,"column":39},"skip":true},"65":{"start":{"line":288,"column":8},"end":{"line":290,"column":9},"skip":true},"66":{"start":{"line":289,"column":12},"end":{"line":289,"column":18},"skip":true},"67":{"start":{"line":291,"column":8},"end":{"line":293,"column":54},"skip":true},"68":{"start":{"line":296,"column":8},"end":{"line":301,"column":37},"skip":true},"69":{"start":{"line":303,"column":8},"end":{"line":303,"column":82},"skip":true},"70":{"start":{"line":306,"column":8},"end":{"line":308,"column":9},"skip":true},"71":{"start":{"line":307,"column":12},"end":{"line":307,"column":82},"skip":true},"72":{"start":{"line":310,"column":8},"end":{"line":312,"column":9},"skip":true},"73":{"start":{"line":311,"column":12},"end":{"line":311,"column":18},"skip":true},"74":{"start":{"line":313,"column":8},"end":{"line":313,"column":54},"skip":true},"75":{"start":{"line":314,"column":8},"end":{"line":314,"column":69},"skip":true},"76":{"start":{"line":315,"column":8},"end":{"line":323,"column":36},"skip":true},"77":{"start":{"line":316,"column":12},"end":{"line":316,"column":61},"skip":true},"78":{"start":{"line":317,"column":12},"end":{"line":320,"column":13},"skip":true},"79":{"start":{"line":318,"column":16},"end":{"line":318,"column":75},"skip":true},"80":{"start":{"line":319,"column":16},"end":{"line":319,"column":23},"skip":true},"81":{"start":{"line":321,"column":12},"end":{"line":321,"column":38},"skip":true},"82":{"start":{"line":322,"column":12},"end":{"line":322,"column":27},"skip":true},"83":{"start":{"line":324,"column":8},"end":{"line":324,"column":14},"skip":true}},"branchMap":{"1":{"line":39,"type":"binary-expr","locations":[{"start":{"line":39,"column":23},"end":{"line":39,"column":62}},{"start":{"line":40,"column":20},"end":{"line":40,"column":70}},{"start":{"line":41,"column":20},"end":{"line":41,"column":71}},{"start":{"line":42,"column":20},"end":{"line":42,"column":29}}]},"2":{"line":44,"type":"binary-expr","locations":[{"start":{"line":44,"column":23},"end":{"line":44,"column":37}},{"start":{"line":45,"column":20},"end":{"line":45,"column":61}},{"start":{"line":46,"column":20},"end":{"line":46,"column":70}},{"start":{"line":47,"column":20},"end":{"line":47,"column":26}}]},"3":{"line":51,"type":"cond-expr","locations":[{"start":{"line":52,"column":14},"end":{"line":52,"column":20}},{"start":{"line":53,"column":14},"end":{"line":53,"column":20}}]},"4":{"line":55,"type":"binary-expr","locations":[{"start":{"line":55,"column":16},"end":{"line":55,"column":44}},{"start":{"line":55,"column":49},"end":{"line":57,"column":43}}]},"5":{"line":55,"type":"cond-expr","locations":[{"start":{"line":56,"column":14},"end":{"line":56,"column":56}},{"start":{"line":57,"column":14},"end":{"line":57,"column":43}}]},"6":{"line":61,"type":"switch","locations":[{"start":{"line":68,"column":4},"end":{"line":150,"column":14},"skip":true},{"start":{"line":156,"column":4},"end":{"line":324,"column":14},"skip":true}]},"7":{"line":70,"type":"if","locations":[{"start":{"line":70,"column":12},"end":{"line":70,"column":12},"skip":true},{"start":{"line":70,"column":12},"end":{"line":70,"column":12},"skip":true}]},"8":{"line":70,"type":"binary-expr","locations":[{"start":{"line":70,"column":16},"end":{"line":70,"column":22},"skip":true},{"start":{"line":70,"column":27},"end":{"line":70,"column":32},"skip":true},{"start":{"line":71,"column":20},"end":{"line":71,"column":39},"skip":true},{"start":{"line":72,"column":20},"end":{"line":72,"column":49},"skip":true},{"start":{"line":73,"column":20},"end":{"line":73,"column":58},"skip":true},{"start":{"line":74,"column":20},"end":{"line":74,"column":69},"skip":true}]},"9":{"line":79,"type":"switch","locations":[{"start":{"line":80,"column":20},"end":{"line":80,"column":33},"skip":true},{"start":{"line":81,"column":20},"end":{"line":83,"column":30},"skip":true},{"start":{"line":84,"column":20},"end":{"line":85,"column":49},"skip":true}]},"10":{"line":89,"type":"switch","locations":[{"start":{"line":90,"column":12},"end":{"line":103,"column":22},"skip":true},{"start":{"line":105,"column":12},"end":{"line":106,"column":22},"skip":true}]},"11":{"line":89,"type":"binary-expr","locations":[{"start":{"line":89,"column":20},"end":{"line":89,"column":25},"skip":true},{"start":{"line":89,"column":29},"end":{"line":89,"column":48},"skip":true},{"start":{"line":89,"column":52},"end":{"line":89,"column":74},"skip":true}]},"12":{"line":92,"type":"if","locations":[{"start":{"line":92,"column":16},"end":{"line":92,"column":16},"skip":true},{"start":{"line":92,"column":16},"end":{"line":92,"column":16},"skip":true}]},"13":{"line":108,"type":"if","locations":[{"start":{"line":108,"column":12},"end":{"line":108,"column":12},"skip":true},{"start":{"line":108,"column":12},"end":{"line":108,"column":12},"skip":true}]},"14":{"line":108,"type":"binary-expr","locations":[{"start":{"line":108,"column":16},"end":{"line":108,"column":61},"skip":true},{"start":{"line":108,"column":66},"end":{"line":108,"column":72},"skip":true},{"start":{"line":108,"column":77},"end":{"line":108,"column":82},"skip":true},{"start":{"line":109,"column":20},"end":{"line":109,"column":39},"skip":true},{"start":{"line":110,"column":20},"end":{"line":110,"column":49},"skip":true},{"start":{"line":111,"column":20},"end":{"line":111,"column":58},"skip":true},{"start":{"line":112,"column":20},"end":{"line":112,"column":68},"skip":true}]},"15":{"line":129,"type":"if","locations":[{"start":{"line":129,"column":16},"end":{"line":129,"column":16},"skip":true},{"start":{"line":129,"column":16},"end":{"line":129,"column":16},"skip":true}]},"16":{"line":134,"type":"cond-expr","locations":[{"start":{"line":135,"column":26},"end":{"line":135,"column":29},"skip":true},{"start":{"line":136,"column":26},"end":{"line":136,"column":54},"skip":true}]},"17":{"line":164,"type":"binary-expr","locations":[{"start":{"line":164,"column":27},"end":{"line":164,"column":43},"skip":true},{"start":{"line":164,"column":47},"end":{"line":164,"column":49},"skip":true}]},"18":{"line":258,"type":"if","locations":[{"start":{"line":258,"column":8},"end":{"line":258,"column":8},"skip":true},{"start":{"line":258,"column":8},"end":{"line":258,"column":8},"skip":true}]},"19":{"line":275,"type":"switch","locations":[{"start":{"line":276,"column":20},"end":{"line":277,"column":64},"skip":true},{"start":{"line":278,"column":20},"end":{"line":279,"column":40},"skip":true},{"start":{"line":280,"column":20},"end":{"line":281,"column":40},"skip":true},{"start":{"line":282,"column":20},"end":{"line":283,"column":39},"skip":true}]},"20":{"line":288,"type":"if","locations":[{"start":{"line":288,"column":8},"end":{"line":288,"column":8},"skip":true},{"start":{"line":288,"column":8},"end":{"line":288,"column":8},"skip":true}]},"21":{"line":288,"type":"binary-expr","locations":[{"start":{"line":288,"column":12},"end":{"line":288,"column":40},"skip":true},{"start":{"line":288,"column":44},"end":{"line":288,"column":67},"skip":true}]},"22":{"line":292,"type":"binary-expr","locations":[{"start":{"line":292,"column":12},"end":{"line":292,"column":50},"skip":true},{"start":{"line":293,"column":12},"end":{"line":293,"column":53},"skip":true}]},"23":{"line":297,"type":"binary-expr","locations":[{"start":{"line":297,"column":12},"end":{"line":297,"column":70},"skip":true},{"start":{"line":298,"column":12},"end":{"line":301,"column":36},"skip":true}]},"24":{"line":303,"type":"binary-expr","locations":[{"start":{"line":303,"column":43},"end":{"line":303,"column":75},"skip":true},{"start":{"line":303,"column":79},"end":{"line":303,"column":81},"skip":true}]},"25":{"line":306,"type":"if","locations":[{"start":{"line":306,"column":8},"end":{"line":306,"column":8},"skip":true},{"start":{"line":306,"column":8},"end":{"line":306,"column":8},"skip":true}]},"26":{"line":310,"type":"if","locations":[{"start":{"line":310,"column":8},"end":{"line":310,"column":8},"skip":true},{"start":{"line":310,"column":8},"end":{"line":310,"column":8},"skip":true}]},"27":{"line":313,"type":"binary-expr","locations":[{"start":{"line":313,"column":27},"end":{"line":313,"column":43},"skip":true},{"start":{"line":313,"column":47},"end":{"line":313,"column":53},"skip":true}]},"28":{"line":317,"type":"if","locations":[{"start":{"line":317,"column":12},"end":{"line":317,"column":12},"skip":true},{"start":{"line":317,"column":12},"end":{"line":317,"column":12},"skip":true}]}},"code":["/*","example.js","","quickstart example","","instruction","    1. save this script as example.js","    2. run the shell command:","        $ npm install npmtest-koa-validate && PORT=8081 node example.js","    3. play with the browser-demo on http://127.0.0.1:8081","*/","","","","/* istanbul instrument in package npmtest_koa_validate */","/*jslint","    bitwise: true,","    browser: true,","    maxerr: 8,","    maxlen: 96,","    node: true,","    nomen: true,","    regexp: true,","    stupid: true","*/","(function () {","    'use strict';","    var local;","","","","    // run shared js-env code - pre-init","    (function () {","        // init local","        local = {};","        // init modeJs","        local.modeJs = (function () {","            try {","                return typeof navigator.userAgent === 'string' &&","                    typeof document.querySelector('body') === 'object' &&","                    typeof XMLHttpRequest.prototype.open === 'function' &&","                    'browser';","            } catch (errorCaughtBrowser) {","                return module.exports &&","                    typeof process.versions.node === 'string' &&","                    typeof require('http').createServer === 'function' &&","                    'node';","            }","        }());","        // init global","        local.global = local.modeJs === 'browser'","            ? window","            : global;","        // init utility2_rollup","        local = local.global.utility2_rollup || (local.modeJs === 'browser'","            ? local.global.utility2_npmtest_koa_validate","            : global.utility2_moduleExports);","        // export local","        local.global.local = local;","    }());","    switch (local.modeJs) {","","","","    // post-init","    // run browser js-env code - post-init","    /* istanbul ignore next */","    case 'browser':","        local.testRunBrowser = function (event) {","            if (!event || (event &&","                    event.currentTarget &&","                    event.currentTarget.className &&","                    event.currentTarget.className.includes &&","                    event.currentTarget.className.includes('onreset'))) {","                // reset output","                Array.from(","                    document.querySelectorAll('body > .resettable')","                ).forEach(function (element) {","                    switch (element.tagName) {","                    case 'INPUT':","                    case 'TEXTAREA':","                        element.value = '';","                        break;","                    default:","                        element.textContent = '';","                    }","                });","            }","            switch (event && event.currentTarget && event.currentTarget.id) {","            case 'testRunButton1':","                // show tests","                if (document.querySelector('#testReportDiv1').style.display === 'none') {","                    document.querySelector('#testReportDiv1').style.display = 'block';","                    document.querySelector('#testRunButton1').textContent =","                        'hide internal test';","                    local.modeTest = true;","                    local.testRunDefault(local);","                // hide tests","                } else {","                    document.querySelector('#testReportDiv1').style.display = 'none';","                    document.querySelector('#testRunButton1').textContent = 'run internal test';","                }","                break;","            // custom-case","            default:","                break;","            }","            if (document.querySelector('#inputTextareaEval1') && (!event || (event &&","                    event.currentTarget &&","                    event.currentTarget.className &&","                    event.currentTarget.className.includes &&","                    event.currentTarget.className.includes('oneval')))) {","                // try to eval input-code","                try {","                    /*jslint evil: true*/","                    eval(document.querySelector('#inputTextareaEval1').value);","                } catch (errorCaught) {","                    console.error(errorCaught);","                }","            }","        };","        // log stderr and stdout to #outputTextareaStdout1","        ['error', 'log'].forEach(function (key) {","            console[key + '_original'] = console[key];","            console[key] = function () {","                var element;","                console[key + '_original'].apply(console, arguments);","                element = document.querySelector('#outputTextareaStdout1');","                if (!element) {","                    return;","                }","                // append text to #outputTextareaStdout1","                element.value += Array.from(arguments).map(function (arg) {","                    return typeof arg === 'string'","                        ? arg","                        : JSON.stringify(arg, null, 4);","                }).join(' ') + '\\n';","                // scroll textarea to bottom","                element.scrollTop = element.scrollHeight;","            };","        });","        // init event-handling","        ['change', 'click', 'keyup'].forEach(function (event) {","            Array.from(document.querySelectorAll('.on' + event)).forEach(function (element) {","                element.addEventListener(event, local.testRunBrowser);","            });","        });","        // run tests","        local.testRunBrowser();","        break;","","","","    // run node js-env code - post-init","    /* istanbul ignore next */","    case 'node':","        // export local","        module.exports = local;","        // require modules","        local.fs = require('fs');","        local.http = require('http');","        local.url = require('url');","        // init assets","        local.assetsDict = local.assetsDict || {};","        /* jslint-ignore-begin */","        local.assetsDict['/assets.index.template.html'] = '\\","<!doctype html>\\n\\","<html lang=\"en\">\\n\\","<head>\\n\\","<meta charset=\"UTF-8\">\\n\\","<meta name=\"viewport\" content=\"width=device-width, initial-scale=1\">\\n\\","<title>{{env.npm_package_name}} (v{{env.npm_package_version}})</title>\\n\\","<style>\\n\\","/*csslint\\n\\","    box-sizing: false,\\n\\","    universal-selector: false\\n\\","*/\\n\\","* {\\n\\","    box-sizing: border-box;\\n\\","}\\n\\","body {\\n\\","    background: #dde;\\n\\","    font-family: Arial, Helvetica, sans-serif;\\n\\","    margin: 2rem;\\n\\","}\\n\\","body > * {\\n\\","    margin-bottom: 1rem;\\n\\","}\\n\\",".utility2FooterDiv {\\n\\","    margin-top: 20px;\\n\\","    text-align: center;\\n\\","}\\n\\","</style>\\n\\","<style>\\n\\","/*csslint\\n\\","*/\\n\\","textarea {\\n\\","    font-family: monospace;\\n\\","    height: 10rem;\\n\\","    width: 100%;\\n\\","}\\n\\","textarea[readonly] {\\n\\","    background: #ddd;\\n\\","}\\n\\","</style>\\n\\","</head>\\n\\","<body>\\n\\","<!-- utility2-comment\\n\\","<div id=\"ajaxProgressDiv1\" style=\"background: #d00; height: 2px; left: 0; margin: 0; padding: 0; position: fixed; top: 0; transition: background 0.5s, width 1.5s; width: 25%;\"></div>\\n\\","utility2-comment -->\\n\\","<h1>\\n\\","<!-- utility2-comment\\n\\","    <a\\n\\","        {{#if env.npm_package_homepage}}\\n\\","        href=\"{{env.npm_package_homepage}}\"\\n\\","        {{/if env.npm_package_homepage}}\\n\\","        target=\"_blank\"\\n\\","    >\\n\\","utility2-comment -->\\n\\","        {{env.npm_package_name}} (v{{env.npm_package_version}})\\n\\","<!-- utility2-comment\\n\\","    </a>\\n\\","utility2-comment -->\\n\\","</h1>\\n\\","<h3>{{env.npm_package_description}}</h3>\\n\\","<!-- utility2-comment\\n\\","<h4><a download href=\"assets.app.js\">download standalone app</a></h4>\\n\\","<button class=\"onclick onreset\" id=\"testRunButton1\">run internal test</button><br>\\n\\","<div id=\"testReportDiv1\" style=\"display: none;\"></div>\\n\\","utility2-comment -->\\n\\","\\n\\","\\n\\","\\n\\","<label>stderr and stdout</label>\\n\\","<textarea class=\"resettable\" id=\"outputTextareaStdout1\" readonly></textarea>\\n\\","<!-- utility2-comment\\n\\","{{#if isRollup}}\\n\\","<script src=\"assets.app.js\"></script>\\n\\","{{#unless isRollup}}\\n\\","utility2-comment -->\\n\\","<script src=\"assets.utility2.rollup.js\"></script>\\n\\","<script src=\"jsonp.utility2._stateInit?callback=window.utility2._stateInit\"></script>\\n\\","<script src=\"assets.npmtest_koa_validate.rollup.js\"></script>\\n\\","<script src=\"assets.example.js\"></script>\\n\\","<script src=\"assets.test.js\"></script>\\n\\","<!-- utility2-comment\\n\\","{{/if isRollup}}\\n\\","utility2-comment -->\\n\\","<div class=\"utility2FooterDiv\">\\n\\","    [ this app was created with\\n\\","    <a href=\"https://github.com/kaizhu256/node-utility2\" target=\"_blank\">utility2</a>\\n\\","    ]\\n\\","</div>\\n\\","</body>\\n\\","</html>\\n\\","';","        /* jslint-ignore-end */","        if (local.templateRender) {","            local.assetsDict['/'] = local.templateRender(","                local.assetsDict['/assets.index.template.html'],","                {","                    env: local.objectSetDefault(local.env, {","                        npm_package_description: 'the greatest app in the world!',","                        npm_package_name: 'my-app',","                        npm_package_nameAlias: 'my_app',","                        npm_package_version: '0.0.1'","                    })","                }","            );","        } else {","            local.assetsDict['/'] = local.assetsDict['/assets.index.template.html']","                .replace((/\\{\\{env\\.(\\w+?)\\}\\}/g), function (match0, match1) {","                    // jslint-hack","                    String(match0);","                    switch (match1) {","                    case 'npm_package_description':","                        return 'the greatest app in the world!';","                    case 'npm_package_name':","                        return 'my-app';","                    case 'npm_package_nameAlias':","                        return 'my_app';","                    case 'npm_package_version':","                        return '0.0.1';","                    }","                });","        }","        // run the cli","        if (local.global.utility2_rollup || module !== require.main) {","            break;","        }","        local.assetsDict['/assets.example.js'] =","            local.assetsDict['/assets.example.js'] ||","            local.fs.readFileSync(__filename, 'utf8');","        // bug-workaround - long $npm_package_buildCustomOrg","        /* jslint-ignore-begin */","        local.assetsDict['/assets.npmtest_koa_validate.rollup.js'] =","            local.assetsDict['/assets.npmtest_koa_validate.rollup.js'] ||","            local.fs.readFileSync(","                local.npmtest_koa_validate.__dirname + '/lib.npmtest_koa_validate.js',","                'utf8'","            ).replace((/^#!/), '//');","        /* jslint-ignore-end */","        local.assetsDict['/favicon.ico'] = local.assetsDict['/favicon.ico'] || '';","        // if $npm_config_timeout_exit exists,","        // then exit this process after $npm_config_timeout_exit ms","        if (Number(process.env.npm_config_timeout_exit)) {","            setTimeout(process.exit, Number(process.env.npm_config_timeout_exit));","        }","        // start server","        if (local.global.utility2_serverHttp1) {","            break;","        }","        process.env.PORT = process.env.PORT || '8081';","        console.error('server starting on port ' + process.env.PORT);","        local.http.createServer(function (request, response) {","            request.urlParsed = local.url.parse(request.url);","            if (local.assetsDict[request.urlParsed.pathname] !== undefined) {","                response.end(local.assetsDict[request.urlParsed.pathname]);","                return;","            }","            response.statusCode = 404;","            response.end();","        }).listen(process.env.PORT);","        break;","    }","}());",""],"l":{"26":2,"28":2,"33":2,"35":2,"37":2,"38":2,"39":2,"44":1,"51":2,"55":2,"59":2,"61":2,"69":1,"70":2,"76":2,"79":2,"82":2,"83":2,"85":1,"89":2,"92":1,"93":1,"94":1,"96":1,"97":1,"100":1,"101":1,"103":1,"106":1,"108":2,"114":1,"116":1,"118":1,"123":1,"124":2,"125":2,"126":3,"127":3,"128":3,"129":3,"130":1,"133":3,"134":3,"139":3,"143":1,"144":3,"145":1,"149":1,"150":1,"158":1,"160":1,"161":1,"162":1,"164":1,"166":1,"258":1,"259":1,"271":1,"274":6,"275":6,"277":1,"279":2,"281":1,"283":2,"288":1,"289":1,"291":1,"296":1,"303":1,"306":1,"307":1,"310":1,"311":1,"313":1,"314":1,"315":1,"316":1,"317":1,"318":1,"319":1,"321":1,"322":1,"324":1}},"/home/travis/build/npmtest/node-npmtest-koa-validate/node_modules/koa-validate/validate.js":{"path":"/home/travis/build/npmtest/node-npmtest-koa-validate/node_modules/koa-validate/validate.js","s":{"1":1,"2":1,"3":0,"4":0,"5":0,"6":1,"7":0,"8":0,"9":0,"10":1,"11":0,"12":0,"13":0,"14":0,"15":0,"16":0,"17":0,"18":0,"19":0,"20":0,"21":0,"22":0,"23":0,"24":0,"25":0,"26":0,"27":0,"28":0,"29":0,"30":0,"31":0,"32":0,"33":1,"34":0,"35":0,"36":0,"37":1,"38":1,"39":0,"40":0,"41":0,"42":0,"43":0,"44":0,"45":0,"46":0,"47":1,"48":1,"49":0,"50":0,"51":0,"52":0,"53":0,"54":0,"55":0,"56":0,"57":1,"58":0,"59":1,"60":0,"61":0,"62":0,"63":1,"64":0,"65":0,"66":0,"67":1,"68":0,"69":0,"70":0,"71":0,"72":1,"73":0,"74":0,"75":0,"76":1,"77":0,"78":0,"79":0,"80":1,"81":0,"82":0,"83":0,"84":1,"85":0,"86":0,"87":0,"88":1,"89":0,"90":0,"91":0,"92":0,"93":0,"94":1,"95":0,"96":0,"97":0,"98":0,"99":0,"100":1,"101":0,"102":0,"103":0,"104":1,"105":0,"106":0,"107":0,"108":1,"109":0,"110":0,"111":0,"112":0,"113":0,"114":0,"115":0,"116":0,"117":0,"118":0,"119":0,"120":0,"121":1,"122":1,"123":0,"124":0,"125":0,"126":0,"127":0,"128":0,"129":1,"130":1,"131":0,"132":0,"133":0,"134":1,"135":0,"136":0,"137":0,"138":1,"139":0,"140":0,"141":0,"142":1,"143":0,"144":0,"145":0,"146":1,"147":0,"148":0,"149":0,"150":1,"151":0,"152":0,"153":0,"154":1,"155":0,"156":0,"157":0,"158":1,"159":0,"160":0,"161":0,"162":1,"163":0,"164":0,"165":0,"166":1,"167":0,"168":0,"169":0,"170":1,"171":0,"172":0,"173":0,"174":1,"175":0,"176":0,"177":0,"178":1,"179":0,"180":0,"181":0,"182":1,"183":0,"184":0,"185":0,"186":1,"187":0,"188":0,"189":0,"190":1,"191":0,"192":0,"193":0,"194":1,"195":0,"196":0,"197":0,"198":1,"199":0,"200":0,"201":0,"202":1,"203":0,"204":0,"205":0,"206":1,"207":0,"208":0,"209":0,"210":1,"211":0,"212":0,"213":0,"214":1,"215":0,"216":0,"217":0,"218":0,"219":0,"220":0,"221":0,"222":0,"223":0,"224":0,"225":1,"226":1,"227":0,"228":0,"229":0,"230":1,"231":0,"232":0,"233":0,"234":1,"235":0,"236":0,"237":0,"238":0,"239":1,"240":0,"241":0,"242":0,"243":1,"244":0,"245":0,"246":0,"247":1,"248":0,"249":0,"250":0,"251":1,"252":0,"253":0,"254":0,"255":1,"256":0,"257":0,"258":0,"259":1,"260":0,"261":0,"262":0,"263":1,"264":0,"265":0,"266":0,"267":1,"268":0,"269":0,"270":0,"271":1,"272":0,"273":0,"274":0,"275":1,"276":0,"277":0,"278":0,"279":1,"280":0,"281":0,"282":0,"283":1,"284":0,"285":0,"286":0,"287":1,"288":0,"289":0,"290":0,"291":1,"292":0,"293":0,"294":0,"295":1,"296":0,"297":0,"298":0,"299":1,"300":0,"301":0,"302":0,"303":1,"304":0,"305":0,"306":0,"307":1,"308":0,"309":0,"310":0,"311":1,"312":0,"313":0,"314":0,"315":1,"316":0,"317":0,"318":0,"319":0,"320":1,"321":0,"322":0,"323":0,"324":0,"325":0,"326":0,"327":1,"328":0,"329":0,"330":0,"331":0,"332":0,"333":0,"334":1,"335":0,"336":0,"337":0,"338":0,"339":0,"340":0,"341":0,"342":1,"343":0,"344":0,"345":0,"346":1,"347":1,"348":0,"349":0,"350":0,"351":1,"352":1,"353":0,"354":0,"355":0,"356":0,"357":0,"358":0,"359":1,"360":0,"361":0,"362":0,"363":1,"364":0,"365":0,"366":0,"367":1,"368":0,"369":0,"370":0,"371":1,"372":0,"373":0,"374":0,"375":1,"376":0,"377":0,"378":0,"379":1,"380":0,"381":0,"382":0,"383":1,"384":0,"385":0,"386":0,"387":1,"388":0,"389":0,"390":0,"391":1,"392":0,"393":0,"394":0,"395":0,"396":0,"397":1,"398":0,"399":0,"400":0,"401":1,"402":0,"403":0,"404":0,"405":0,"406":0,"407":1,"408":0,"409":0,"410":0,"411":1,"412":0,"413":0,"414":0,"415":1,"416":0,"417":0,"418":0,"419":0,"420":0,"421":0,"422":0,"423":1,"424":0,"425":0,"426":0,"427":0,"428":1,"429":0,"430":0,"431":1,"432":0,"433":0,"434":1,"435":0,"436":0,"437":0,"438":0,"439":1,"440":0,"441":0,"442":0,"443":1,"444":0,"445":0,"446":0,"447":1,"448":0,"449":1,"450":0,"451":0,"452":0,"453":0,"454":0,"455":0,"456":0,"457":1,"458":0,"459":0,"460":0,"461":0,"462":0,"463":0,"464":0,"465":0,"466":0,"467":0,"468":0,"469":0,"470":0,"471":0,"472":0,"473":0,"474":0,"475":0,"476":0,"477":0,"478":0,"479":1,"480":0,"481":0,"482":0,"483":1,"484":0,"485":0,"486":1,"487":0,"488":0,"489":0,"490":1,"491":0,"492":0,"493":0,"494":0,"495":0,"496":0,"497":0,"498":0,"499":1,"500":0,"501":0,"502":1,"503":0,"504":0,"505":0,"506":1,"507":0,"508":0,"509":0,"510":0,"511":0,"512":0,"513":0,"514":0,"515":0,"516":1,"517":0,"518":1,"519":0,"520":0,"521":0,"522":0,"523":0,"524":0,"525":0,"526":1,"527":0,"528":0,"529":1,"530":1,"531":1,"532":0,"533":0,"534":0,"535":0,"536":0,"537":1,"538":0,"539":0,"540":0,"541":0,"542":0,"543":1,"544":0,"545":0,"546":0,"547":0,"548":0,"549":1,"550":0,"551":0,"552":0,"553":0,"554":0,"555":1,"556":0,"557":0,"558":0,"559":0,"560":0,"561":1,"562":0,"563":0,"564":0,"565":0,"566":0,"567":1,"568":0,"569":0,"570":0,"571":0,"572":0,"573":0,"574":0,"575":0,"576":1,"577":0,"578":0,"579":0,"580":0,"581":0,"582":0,"583":0,"584":0,"585":0,"586":0,"587":0,"588":0,"589":0,"590":0,"591":0,"592":0,"593":0,"594":0,"595":0,"596":1,"597":0,"598":0,"599":0},"b":{"1":[0,0],"2":[0,0,0],"3":[0,0],"4":[0,0,0],"5":[0,0],"6":[0,0],"7":[0,0],"8":[0,0],"9":[0,0],"10":[0,0],"11":[0,0],"12":[0,0],"13":[0,0],"14":[0,0],"15":[0,0],"16":[0,0],"17":[0,0],"18":[0,0],"19":[0,0,0],"20":[0,0],"21":[0,0],"22":[0,0],"23":[0,0],"24":[0,0],"25":[0,0],"26":[0,0],"27":[0,0,0,0,0],"28":[0,0],"29":[0,0],"30":[0,0],"31":[0,0],"32":[0,0,0,0,0],"33":[0,0],"34":[0,0],"35":[0,0],"36":[0,0],"37":[0,0],"38":[0,0],"39":[0,0],"40":[0,0],"41":[0,0],"42":[0,0],"43":[0,0],"44":[0,0],"45":[0,0],"46":[0,0],"47":[0,0],"48":[0,0],"49":[0,0],"50":[0,0],"51":[0,0],"52":[0,0],"53":[0,0],"54":[0,0],"55":[0,0],"56":[0,0],"57":[0,0],"58":[0,0],"59":[0,0],"60":[0,0],"61":[0,0],"62":[0,0],"63":[0,0],"64":[0,0],"65":[0,0],"66":[0,0],"67":[0,0],"68":[0,0],"69":[0,0],"70":[0,0],"71":[0,0],"72":[0,0],"73":[0,0],"74":[0,0],"75":[0,0],"76":[0,0],"77":[0,0],"78":[0,0],"79":[0,0],"80":[0,0],"81":[0,0],"82":[0,0],"83":[0,0],"84":[0,0],"85":[0,0],"86":[0,0],"87":[0,0],"88":[0,0],"89":[0,0,0],"90":[0,0],"91":[0,0],"92":[0,0,0],"93":[0,0],"94":[0,0],"95":[0,0,0],"96":[0,0],"97":[0,0],"98":[0,0,0],"99":[0,0],"100":[0,0],"101":[0,0,0],"102":[0,0],"103":[0,0],"104":[0,0,0],"105":[0,0],"106":[0,0],"107":[0,0,0],"108":[0,0],"109":[0,0],"110":[0,0,0],"111":[0,0],"112":[0,0],"113":[0,0,0],"114":[0,0],"115":[0,0],"116":[0,0,0],"117":[0,0],"118":[0,0],"119":[0,0,0],"120":[0,0],"121":[0,0],"122":[0,0,0],"123":[0,0],"124":[0,0],"125":[0,0,0],"126":[0,0],"127":[0,0],"128":[0,0,0],"129":[0,0],"130":[0,0],"131":[0,0,0],"132":[0,0],"133":[0,0],"134":[0,0],"135":[0,0],"136":[0,0],"137":[0,0],"138":[0,0],"139":[0,0],"140":[0,0],"141":[0,0],"142":[0,0,0],"143":[0,0],"144":[0,0],"145":[0,0,0,0],"146":[0,0],"147":[0,0],"148":[0,0],"149":[0,0],"150":[0,0],"151":[0,0,0],"152":[0,0],"153":[0,0],"154":[0,0,0],"155":[0,0],"156":[0,0],"157":[0,0,0],"158":[0,0],"159":[0,0],"160":[0,0,0],"161":[0,0],"162":[0,0],"163":[0,0,0],"164":[0,0],"165":[0,0],"166":[0,0,0],"167":[0,0],"168":[0,0],"169":[0,0,0],"170":[0,0],"171":[0,0],"172":[0,0,0],"173":[0,0],"174":[0,0],"175":[0,0,0],"176":[0,0],"177":[0,0],"178":[0,0,0],"179":[0,0],"180":[0,0],"181":[0,0,0],"182":[0,0],"183":[0,0],"184":[0,0,0],"185":[0,0],"186":[0,0],"187":[0,0,0],"188":[0,0],"189":[0,0],"190":[0,0,0],"191":[0,0],"192":[0,0],"193":[0,0,0],"194":[0,0],"195":[0,0],"196":[0,0,0],"197":[0,0],"198":[0,0],"199":[0,0,0],"200":[0,0],"201":[0,0],"202":[0,0,0],"203":[0,0],"204":[0,0],"205":[0,0],"206":[0,0],"207":[0,0],"208":[0,0],"209":[0,0],"210":[0,0],"211":[0,0],"212":[0,0],"213":[0,0],"214":[0,0],"215":[0,0],"216":[0,0],"217":[0,0],"218":[0,0],"219":[0,0,0],"220":[0,0],"221":[0,0,0],"222":[0,0],"223":[0,0],"224":[0,0],"225":[0,0],"226":[0,0],"227":[0,0],"228":[0,0],"229":[0,0],"230":[0,0],"231":[0,0],"232":[0,0],"233":[0,0],"234":[0,0],"235":[0,0],"236":[0,0],"237":[0,0],"238":[0,0],"239":[0,0],"240":[0,0],"241":[0,0,0],"242":[0,0],"243":[0,0,0],"244":[0,0],"245":[0,0],"246":[0,0,0],"247":[0,0],"248":[0,0,0],"249":[0,0],"250":[0,0],"251":[0,0,0],"252":[0,0],"253":[0,0,0],"254":[0,0],"255":[0,0],"256":[0,0],"257":[0,0],"258":[0,0],"259":[0,0],"260":[0,0],"261":[0,0],"262":[0,0],"263":[0,0],"264":[0,0],"265":[0,0,0],"266":[0,0],"267":[0,0],"268":[0,0],"269":[0,0],"270":[0,0],"271":[0,0],"272":[0,0],"273":[0,0],"274":[0,0],"275":[0,0],"276":[0,0,0,0,0],"277":[0,0],"278":[0,0],"279":[0,0],"280":[0,0],"281":[0,0],"282":[0,0],"283":[0,0],"284":[0,0],"285":[0,0],"286":[0,0],"287":[0,0],"288":[0,0],"289":[0,0],"290":[0,0],"291":[0,0],"292":[0,0],"293":[0,0],"294":[0,0],"295":[0,0],"296":[0,0],"297":[0,0],"298":[0,0],"299":[0,0,0],"300":[0,0],"301":[0,0],"302":[0,0],"303":[0,0],"304":[0,0],"305":[0,0],"306":[0,0,0],"307":[0,0],"308":[0,0],"309":[0,0],"310":[0,0],"311":[0,0,0,0],"312":[0,0],"313":[0,0,0],"314":[0,0],"315":[0,0],"316":[0,0],"317":[0,0,0],"318":[0,0],"319":[0,0,0],"320":[0,0],"321":[0,0],"322":[0,0],"323":[0,0,0],"324":[0,0],"325":[0,0,0],"326":[0,0],"327":[0,0],"328":[0,0],"329":[0,0,0],"330":[0,0],"331":[0,0,0],"332":[0,0],"333":[0,0],"334":[0,0],"335":[0,0,0],"336":[0,0],"337":[0,0],"338":[0,0,0],"339":[0,0],"340":[0,0],"341":[0,0],"342":[0,0],"343":[0,0],"344":[0,0],"345":[0,0],"346":[0,0],"347":[0,0],"348":[0,0],"349":[0,0],"350":[0,0],"351":[0,0,0,0],"352":[0,0],"353":[0,0],"354":[0,0],"355":[0,0]},"f":{"1":0,"2":0,"3":0,"4":0,"5":0,"6":0,"7":0,"8":0,"9":0,"10":0,"11":0,"12":0,"13":0,"14":0,"15":0,"16":0,"17":0,"18":0,"19":0,"20":0,"21":0,"22":0,"23":0,"24":0,"25":0,"26":0,"27":0,"28":0,"29":0,"30":0,"31":0,"32":0,"33":0,"34":0,"35":0,"36":0,"37":0,"38":0,"39":0,"40":0,"41":0,"42":0,"43":0,"44":0,"45":0,"46":0,"47":0,"48":0,"49":0,"50":0,"51":0,"52":0,"53":0,"54":0,"55":0,"56":0,"57":0,"58":0,"59":0,"60":0,"61":0,"62":0,"63":0,"64":0,"65":0,"66":0,"67":0,"68":0,"69":0,"70":0,"71":0,"72":0,"73":0,"74":0,"75":0,"76":0,"77":0,"78":0,"79":0,"80":0,"81":0,"82":0,"83":0,"84":0,"85":0,"86":0,"87":0,"88":0,"89":0,"90":0,"91":0,"92":0,"93":0,"94":0,"95":0,"96":0,"97":0,"98":0,"99":0,"100":0,"101":0,"102":0,"103":0,"104":0,"105":0,"106":0,"107":0,"108":0,"109":0,"110":0,"111":0,"112":0,"113":0,"114":0,"115":0,"116":0,"117":0,"118":0,"119":0,"120":0,"121":0,"122":0,"123":0,"124":0,"125":0,"126":0,"127":0,"128":0},"fnMap":{"1":{"name":"getValue","line":8,"loc":{"start":{"line":8,"column":0},"end":{"line":8,"column":36}}},"2":{"name":"hasKey","line":15,"loc":{"start":{"line":15,"column":0},"end":{"line":15,"column":35}}},"3":{"name":"(anonymous_3)","line":22,"loc":{"start":{"line":22,"column":17},"end":{"line":22,"column":31}}},"4":{"name":"(anonymous_4)","line":23,"loc":{"start":{"line":23,"column":26},"end":{"line":23,"column":48}}},"5":{"name":"(anonymous_5)","line":26,"loc":{"start":{"line":26,"column":27},"end":{"line":26,"column":41}}},"6":{"name":"(anonymous_6)","line":29,"loc":{"start":{"line":29,"column":27},"end":{"line":29,"column":41}}},"7":{"name":"(anonymous_7)","line":32,"loc":{"start":{"line":32,"column":25},"end":{"line":32,"column":47}}},"8":{"name":"(anonymous_8)","line":44,"loc":{"start":{"line":44,"column":25},"end":{"line":44,"column":61}}},"9":{"name":"isString","line":61,"loc":{"start":{"line":61,"column":0},"end":{"line":61,"column":21}}},"10":{"name":"Validator","line":68,"loc":{"start":{"line":68,"column":0},"end":{"line":68,"column":63}}},"11":{"name":"(anonymous_11)","line":82,"loc":{"start":{"line":82,"column":31},"end":{"line":82,"column":45}}},"12":{"name":"(anonymous_12)","line":95,"loc":{"start":{"line":95,"column":31},"end":{"line":95,"column":42}}},"13":{"name":"(anonymous_13)","line":98,"loc":{"start":{"line":98,"column":31},"end":{"line":98,"column":42}}},"14":{"name":"(anonymous_14)","line":104,"loc":{"start":{"line":104,"column":31},"end":{"line":104,"column":45}}},"15":{"name":"(anonymous_15)","line":110,"loc":{"start":{"line":110,"column":28},"end":{"line":110,"column":39}}},"16":{"name":"(anonymous_16)","line":118,"loc":{"start":{"line":118,"column":31},"end":{"line":118,"column":45}}},"17":{"name":"(anonymous_17)","line":124,"loc":{"start":{"line":124,"column":28},"end":{"line":124,"column":42}}},"18":{"name":"(anonymous_18)","line":130,"loc":{"start":{"line":130,"column":28},"end":{"line":130,"column":47}}},"19":{"name":"(anonymous_19)","line":141,"loc":{"start":{"line":141,"column":31},"end":{"line":141,"column":50}}},"20":{"name":"(anonymous_20)","line":148,"loc":{"start":{"line":148,"column":32},"end":{"line":148,"column":69}}},"21":{"name":"(anonymous_21)","line":156,"loc":{"start":{"line":156,"column":29},"end":{"line":156,"column":66}}},"22":{"name":"(anonymous_22)","line":164,"loc":{"start":{"line":164,"column":28},"end":{"line":164,"column":51}}},"23":{"name":"(anonymous_23)","line":170,"loc":{"start":{"line":170,"column":30},"end":{"line":170,"column":52}}},"24":{"name":"(anonymous_24)","line":177,"loc":{"start":{"line":177,"column":31},"end":{"line":177,"column":55}}},"25":{"name":"(anonymous_25)","line":195,"loc":{"start":{"line":195,"column":25},"end":{"line":195,"column":44}}},"26":{"name":"(anonymous_26)","line":207,"loc":{"start":{"line":207,"column":25},"end":{"line":207,"column":42}}},"27":{"name":"(anonymous_27)","line":213,"loc":{"start":{"line":213,"column":26},"end":{"line":213,"column":43}}},"28":{"name":"(anonymous_28)","line":219,"loc":{"start":{"line":219,"column":25},"end":{"line":219,"column":42}}},"29":{"name":"(anonymous_29)","line":225,"loc":{"start":{"line":225,"column":25},"end":{"line":225,"column":42}}},"30":{"name":"(anonymous_30)","line":231,"loc":{"start":{"line":231,"column":25},"end":{"line":231,"column":42}}},"31":{"name":"(anonymous_31)","line":237,"loc":{"start":{"line":237,"column":25},"end":{"line":237,"column":42}}},"32":{"name":"(anonymous_32)","line":243,"loc":{"start":{"line":243,"column":31},"end":{"line":243,"column":48}}},"33":{"name":"(anonymous_33)","line":249,"loc":{"start":{"line":249,"column":34},"end":{"line":249,"column":51}}},"34":{"name":"(anonymous_34)","line":255,"loc":{"start":{"line":255,"column":30},"end":{"line":255,"column":52}}},"35":{"name":"(anonymous_35)","line":261,"loc":{"start":{"line":261,"column":28},"end":{"line":261,"column":50}}},"36":{"name":"(anonymous_36)","line":267,"loc":{"start":{"line":267,"column":27},"end":{"line":267,"column":49}}},"37":{"name":"(anonymous_37)","line":273,"loc":{"start":{"line":273,"column":30},"end":{"line":273,"column":51}}},"38":{"name":"(anonymous_38)","line":279,"loc":{"start":{"line":279,"column":32},"end":{"line":279,"column":46}}},"39":{"name":"(anonymous_39)","line":286,"loc":{"start":{"line":286,"column":37},"end":{"line":286,"column":58}}},"40":{"name":"(anonymous_40)","line":292,"loc":{"start":{"line":292,"column":31},"end":{"line":292,"column":45}}},"41":{"name":"(anonymous_41)","line":298,"loc":{"start":{"line":298,"column":36},"end":{"line":298,"column":50}}},"42":{"name":"(anonymous_42)","line":304,"loc":{"start":{"line":304,"column":33},"end":{"line":304,"column":47}}},"43":{"name":"(anonymous_43)","line":310,"loc":{"start":{"line":310,"column":34},"end":{"line":310,"column":48}}},"44":{"name":"(anonymous_44)","line":316,"loc":{"start":{"line":316,"column":34},"end":{"line":316,"column":48}}},"45":{"name":"(anonymous_45)","line":322,"loc":{"start":{"line":322,"column":36},"end":{"line":322,"column":53}}},"46":{"name":"(anonymous_46)","line":328,"loc":{"start":{"line":328,"column":29},"end":{"line":328,"column":43}}},"47":{"name":"(anonymous_47)","line":334,"loc":{"start":{"line":334,"column":35},"end":{"line":334,"column":66}}},"48":{"name":"(anonymous_48)","line":349,"loc":{"start":{"line":349,"column":29},"end":{"line":349,"column":47}}},"49":{"name":"(anonymous_49)","line":355,"loc":{"start":{"line":355,"column":29},"end":{"line":355,"column":43}}},"50":{"name":"(anonymous_50)","line":361,"loc":{"start":{"line":361,"column":29},"end":{"line":361,"column":43}}},"51":{"name":"(anonymous_51)","line":369,"loc":{"start":{"line":369,"column":30},"end":{"line":369,"column":47}}},"52":{"name":"(anonymous_52)","line":375,"loc":{"start":{"line":375,"column":31},"end":{"line":375,"column":48}}},"53":{"name":"(anonymous_53)","line":381,"loc":{"start":{"line":381,"column":35},"end":{"line":381,"column":49}}},"54":{"name":"(anonymous_54)","line":387,"loc":{"start":{"line":387,"column":29},"end":{"line":387,"column":51}}},"55":{"name":"(anonymous_55)","line":393,"loc":{"start":{"line":393,"column":29},"end":{"line":393,"column":43}}},"56":{"name":"(anonymous_56)","line":400,"loc":{"start":{"line":400,"column":34},"end":{"line":400,"column":48}}},"57":{"name":"(anonymous_57)","line":406,"loc":{"start":{"line":406,"column":30},"end":{"line":406,"column":44}}},"58":{"name":"(anonymous_58)","line":412,"loc":{"start":{"line":412,"column":34},"end":{"line":412,"column":48}}},"59":{"name":"(anonymous_59)","line":418,"loc":{"start":{"line":418,"column":34},"end":{"line":418,"column":48}}},"60":{"name":"(anonymous_60)","line":424,"loc":{"start":{"line":424,"column":38},"end":{"line":424,"column":52}}},"61":{"name":"(anonymous_61)","line":430,"loc":{"start":{"line":430,"column":38},"end":{"line":430,"column":52}}},"62":{"name":"(anonymous_62)","line":436,"loc":{"start":{"line":436,"column":33},"end":{"line":436,"column":55}}},"63":{"name":"(anonymous_63)","line":442,"loc":{"start":{"line":442,"column":32},"end":{"line":442,"column":46}}},"64":{"name":"(anonymous_64)","line":448,"loc":{"start":{"line":448,"column":36},"end":{"line":448,"column":57}}},"65":{"name":"(anonymous_65)","line":454,"loc":{"start":{"line":454,"column":32},"end":{"line":454,"column":46}}},"66":{"name":"(anonymous_66)","line":460,"loc":{"start":{"line":460,"column":35},"end":{"line":460,"column":49}}},"67":{"name":"(anonymous_67)","line":467,"loc":{"start":{"line":467,"column":29},"end":{"line":467,"column":43}}},"68":{"name":"(anonymous_68)","line":473,"loc":{"start":{"line":473,"column":29},"end":{"line":473,"column":51}}},"69":{"name":"(anonymous_69)","line":482,"loc":{"start":{"line":482,"column":30},"end":{"line":482,"column":42}}},"70":{"name":"(anonymous_70)","line":488,"loc":{"start":{"line":488,"column":29},"end":{"line":488,"column":40}}},"71":{"name":"(anonymous_71)","line":495,"loc":{"start":{"line":495,"column":28},"end":{"line":495,"column":58}}},"72":{"name":"(anonymous_72)","line":505,"loc":{"start":{"line":505,"column":30},"end":{"line":505,"column":44}}},"73":{"name":"(anonymous_73)","line":515,"loc":{"start":{"line":515,"column":29},"end":{"line":515,"column":43}}},"74":{"name":"(anonymous_74)","line":528,"loc":{"start":{"line":528,"column":34},"end":{"line":528,"column":45}}},"75":{"name":"(anonymous_75)","line":535,"loc":{"start":{"line":535,"column":34},"end":{"line":535,"column":45}}},"76":{"name":"(anonymous_76)","line":542,"loc":{"start":{"line":542,"column":32},"end":{"line":542,"column":43}}},"77":{"name":"(anonymous_77)","line":553,"loc":{"start":{"line":553,"column":27},"end":{"line":553,"column":39}}},"78":{"name":"(anonymous_78)","line":559,"loc":{"start":{"line":559,"column":28},"end":{"line":559,"column":40}}},"79":{"name":"(anonymous_79)","line":565,"loc":{"start":{"line":565,"column":28},"end":{"line":565,"column":40}}},"80":{"name":"(anonymous_80)","line":571,"loc":{"start":{"line":571,"column":29},"end":{"line":571,"column":40}}},"81":{"name":"(anonymous_81)","line":577,"loc":{"start":{"line":577,"column":31},"end":{"line":577,"column":44}}},"82":{"name":"(anonymous_82)","line":583,"loc":{"start":{"line":583,"column":32},"end":{"line":583,"column":44}}},"83":{"name":"(anonymous_83)","line":589,"loc":{"start":{"line":589,"column":32},"end":{"line":589,"column":44}}},"84":{"name":"(anonymous_84)","line":595,"loc":{"start":{"line":595,"column":32},"end":{"line":595,"column":43}}},"85":{"name":"(anonymous_85)","line":601,"loc":{"start":{"line":601,"column":32},"end":{"line":601,"column":46}}},"86":{"name":"(anonymous_86)","line":611,"loc":{"start":{"line":611,"column":41},"end":{"line":611,"column":52}}},"87":{"name":"(anonymous_87)","line":617,"loc":{"start":{"line":617,"column":41},"end":{"line":617,"column":55}}},"88":{"name":"(anonymous_88)","line":627,"loc":{"start":{"line":627,"column":30},"end":{"line":627,"column":44}}},"89":{"name":"(anonymous_89)","line":633,"loc":{"start":{"line":633,"column":35},"end":{"line":633,"column":46}}},"90":{"name":"(anonymous_90)","line":639,"loc":{"start":{"line":639,"column":35},"end":{"line":639,"column":59}}},"91":{"name":"(anonymous_91)","line":653,"loc":{"start":{"line":653,"column":27},"end":{"line":653,"column":47}}},"92":{"name":"(anonymous_92)","line":660,"loc":{"start":{"line":660,"column":26},"end":{"line":660,"column":37}}},"93":{"name":"(anonymous_93)","line":664,"loc":{"start":{"line":664,"column":27},"end":{"line":664,"column":38}}},"94":{"name":"(anonymous_94)","line":668,"loc":{"start":{"line":668,"column":28},"end":{"line":668,"column":50}}},"95":{"name":"(anonymous_95)","line":679,"loc":{"start":{"line":679,"column":28},"end":{"line":679,"column":53}}},"96":{"name":"(anonymous_96)","line":685,"loc":{"start":{"line":685,"column":26},"end":{"line":685,"column":42}}},"97":{"name":"(anonymous_97)","line":691,"loc":{"start":{"line":691,"column":28},"end":{"line":691,"column":44}}},"98":{"name":"(anonymous_98)","line":694,"loc":{"start":{"line":694,"column":29},"end":{"line":694,"column":48}}},"99":{"name":"(anonymous_99)","line":707,"loc":{"start":{"line":707,"column":27},"end":{"line":707,"column":43}}},"100":{"name":"coFsExists","line":728,"loc":{"start":{"line":728,"column":0},"end":{"line":728,"column":25}}},"101":{"name":"(anonymous_101)","line":729,"loc":{"start":{"line":729,"column":8},"end":{"line":729,"column":22}}},"102":{"name":"(anonymous_102)","line":730,"loc":{"start":{"line":730,"column":17},"end":{"line":730,"column":28}}},"103":{"name":"coFsMd","line":736,"loc":{"start":{"line":736,"column":0},"end":{"line":736,"column":20}}},"104":{"name":"(anonymous_104)","line":737,"loc":{"start":{"line":737,"column":8},"end":{"line":737,"column":22}}},"105":{"name":"coFsIsDir","line":742,"loc":{"start":{"line":742,"column":0},"end":{"line":742,"column":24}}},"106":{"name":"(anonymous_106)","line":743,"loc":{"start":{"line":743,"column":8},"end":{"line":743,"column":22}}},"107":{"name":"(anonymous_107)","line":744,"loc":{"start":{"line":744,"column":17},"end":{"line":744,"column":30}}},"108":{"name":"coFsCopy","line":750,"loc":{"start":{"line":750,"column":0},"end":{"line":750,"column":26}}},"109":{"name":"(anonymous_109)","line":751,"loc":{"start":{"line":751,"column":8},"end":{"line":751,"column":22}}},"110":{"name":"(anonymous_110)","line":756,"loc":{"start":{"line":756,"column":22},"end":{"line":756,"column":33}}},"111":{"name":"(anonymous_111)","line":759,"loc":{"start":{"line":759,"column":24},"end":{"line":759,"column":36}}},"112":{"name":"coFsDel","line":765,"loc":{"start":{"line":765,"column":0},"end":{"line":765,"column":22}}},"113":{"name":"(anonymous_113)","line":766,"loc":{"start":{"line":766,"column":8},"end":{"line":766,"column":22}}},"114":{"name":"ensureDir","line":771,"loc":{"start":{"line":771,"column":0},"end":{"line":771,"column":23}}},"115":{"name":"delFileAsync","line":778,"loc":{"start":{"line":778,"column":0},"end":{"line":778,"column":31}}},"116":{"name":"(anonymous_116)","line":783,"loc":{"start":{"line":783,"column":18},"end":{"line":783,"column":29}}},"117":{"name":"isGeneratorFunction","line":791,"loc":{"start":{"line":791,"column":0},"end":{"line":791,"column":34}}},"118":{"name":"formatSize","line":795,"loc":{"start":{"line":795,"column":0},"end":{"line":795,"column":25}}},"119":{"name":"FileValidator","line":810,"loc":{"start":{"line":810,"column":0},"end":{"line":810,"column":79}}},"120":{"name":"(anonymous_120)","line":818,"loc":{"start":{"line":818,"column":35},"end":{"line":818,"column":48}}},"121":{"name":"(anonymous_121)","line":828,"loc":{"start":{"line":828,"column":31},"end":{"line":828,"column":52}}},"122":{"name":"(anonymous_122)","line":837,"loc":{"start":{"line":837,"column":43},"end":{"line":837,"column":60}}},"123":{"name":"(anonymous_123)","line":846,"loc":{"start":{"line":846,"column":45},"end":{"line":846,"column":58}}},"124":{"name":"(anonymous_124)","line":855,"loc":{"start":{"line":855,"column":40},"end":{"line":855,"column":57}}},"125":{"name":"(anonymous_125)","line":864,"loc":{"start":{"line":864,"column":35},"end":{"line":864,"column":52}}},"126":{"name":"(anonymous_126)","line":873,"loc":{"start":{"line":873,"column":31},"end":{"line":873,"column":55}}},"127":{"name":"(anonymous_127)","line":887,"loc":{"start":{"line":887,"column":31},"end":{"line":887,"column":55}}},"128":{"name":"(anonymous_128)","line":917,"loc":{"start":{"line":917,"column":33},"end":{"line":917,"column":44}}}},"statementMap":{"1":{"start":{"line":2,"column":0},"end":{"line":5,"column":23}},"2":{"start":{"line":8,"column":0},"end":{"line":13,"column":1}},"3":{"start":{"line":9,"column":1},"end":{"line":11,"column":2}},"4":{"start":{"line":10,"column":2},"end":{"line":10,"column":32}},"5":{"start":{"line":12,"column":1},"end":{"line":12,"column":16}},"6":{"start":{"line":15,"column":0},"end":{"line":20,"column":1}},"7":{"start":{"line":16,"column":1},"end":{"line":18,"column":2}},"8":{"start":{"line":17,"column":2},"end":{"line":17,"column":60}},"9":{"start":{"line":19,"column":1},"end":{"line":19,"column":18}},"10":{"start":{"line":22,"column":0},"end":{"line":59,"column":2}},"11":{"start":{"line":23,"column":1},"end":{"line":25,"column":3}},"12":{"start":{"line":24,"column":2},"end":{"line":24,"column":137}},"13":{"start":{"line":26,"column":1},"end":{"line":28,"column":3}},"14":{"start":{"line":27,"column":2},"end":{"line":27,"column":84}},"15":{"start":{"line":29,"column":1},"end":{"line":31,"column":3}},"16":{"start":{"line":30,"column":2},"end":{"line":30,"column":84}},"17":{"start":{"line":32,"column":1},"end":{"line":43,"column":3}},"18":{"start":{"line":33,"column":2},"end":{"line":33,"column":31}},"19":{"start":{"line":35,"column":2},"end":{"line":40,"column":3}},"20":{"start":{"line":36,"column":3},"end":{"line":38,"column":4}},"21":{"start":{"line":37,"column":4},"end":{"line":37,"column":40}},"22":{"start":{"line":39,"column":3},"end":{"line":39,"column":62}},"23":{"start":{"line":41,"column":2},"end":{"line":41,"column":34}},"24":{"start":{"line":42,"column":2},"end":{"line":42,"column":95}},"25":{"start":{"line":44,"column":1},"end":{"line":54,"column":3}},"26":{"start":{"line":45,"column":2},"end":{"line":50,"column":3}},"27":{"start":{"line":46,"column":3},"end":{"line":48,"column":4}},"28":{"start":{"line":47,"column":4},"end":{"line":47,"column":39}},"29":{"start":{"line":49,"column":3},"end":{"line":49,"column":61}},"30":{"start":{"line":51,"column":2},"end":{"line":51,"column":80}},"31":{"start":{"line":52,"column":2},"end":{"line":52,"column":38}},"32":{"start":{"line":53,"column":2},"end":{"line":53,"column":121}},"33":{"start":{"line":61,"column":0},"end":{"line":64,"column":1}},"34":{"start":{"line":62,"column":1},"end":{"line":62,"column":27}},"35":{"start":{"line":62,"column":14},"end":{"line":62,"column":27}},"36":{"start":{"line":63,"column":1},"end":{"line":63,"column":40}},"37":{"start":{"line":66,"column":0},"end":{"line":66,"column":29}},"38":{"start":{"line":68,"column":0},"end":{"line":78,"column":1}},"39":{"start":{"line":69,"column":1},"end":{"line":69,"column":22}},"40":{"start":{"line":70,"column":1},"end":{"line":70,"column":24}},"41":{"start":{"line":71,"column":1},"end":{"line":71,"column":16}},"42":{"start":{"line":72,"column":1},"end":{"line":72,"column":20}},"43":{"start":{"line":73,"column":1},"end":{"line":73,"column":22}},"44":{"start":{"line":74,"column":1},"end":{"line":74,"column":39}},"45":{"start":{"line":75,"column":1},"end":{"line":77,"column":2}},"46":{"start":{"line":76,"column":2},"end":{"line":76,"column":30}},"47":{"start":{"line":80,"column":0},"end":{"line":80,"column":37}},"48":{"start":{"line":82,"column":0},"end":{"line":93,"column":2}},"49":{"start":{"line":83,"column":1},"end":{"line":83,"column":19}},"50":{"start":{"line":84,"column":1},"end":{"line":86,"column":2}},"51":{"start":{"line":85,"column":2},"end":{"line":85,"column":26}},"52":{"start":{"line":87,"column":1},"end":{"line":89,"column":2}},"53":{"start":{"line":88,"column":2},"end":{"line":88,"column":27}},"54":{"start":{"line":90,"column":1},"end":{"line":90,"column":12}},"55":{"start":{"line":91,"column":1},"end":{"line":91,"column":19}},"56":{"start":{"line":92,"column":1},"end":{"line":92,"column":29}},"57":{"start":{"line":95,"column":0},"end":{"line":97,"column":2}},"58":{"start":{"line":96,"column":1},"end":{"line":96,"column":77}},"59":{"start":{"line":98,"column":0},"end":{"line":103,"column":2}},"60":{"start":{"line":99,"column":1},"end":{"line":101,"column":2}},"61":{"start":{"line":100,"column":2},"end":{"line":100,"column":20}},"62":{"start":{"line":102,"column":1},"end":{"line":102,"column":13}},"63":{"start":{"line":104,"column":0},"end":{"line":109,"column":2}},"64":{"start":{"line":105,"column":1},"end":{"line":107,"column":2}},"65":{"start":{"line":106,"column":2},"end":{"line":106,"column":56}},"66":{"start":{"line":108,"column":1},"end":{"line":108,"column":13}},"67":{"start":{"line":110,"column":0},"end":{"line":117,"column":2}},"68":{"start":{"line":111,"column":1},"end":{"line":115,"column":2}},"69":{"start":{"line":112,"column":2},"end":{"line":114,"column":3}},"70":{"start":{"line":113,"column":3},"end":{"line":113,"column":21}},"71":{"start":{"line":116,"column":1},"end":{"line":116,"column":13}},"72":{"start":{"line":118,"column":0},"end":{"line":123,"column":2}},"73":{"start":{"line":119,"column":1},"end":{"line":121,"column":2}},"74":{"start":{"line":120,"column":2},"end":{"line":120,"column":56}},"75":{"start":{"line":122,"column":1},"end":{"line":122,"column":13}},"76":{"start":{"line":124,"column":0},"end":{"line":129,"column":2}},"77":{"start":{"line":125,"column":1},"end":{"line":127,"column":2}},"78":{"start":{"line":126,"
[...]
(this.value) ||!v.isCurrency(this.value,options))) {","\t\tthis.addError(tip || this.key + \" is not a currency format.\");","\t}","\treturn this;","};","Validator.prototype.isDataURI = function(tip) {","\tif (this.goOn && (!isString(this.value) ||!v.isDataURI(this.value))) {","\t\tthis.addError(tip || this.key + \" is not a data uri format.\");","\t}","\treturn this;","};","Validator.prototype.isMobilePhone = function(tip,locale) {","\tif (this.goOn && (!isString(this.value) ||!v.isMobilePhone(this.value,locale))) {","\t\tthis.addError(tip || this.key + \" is not a mobile phone format.\");","\t}","\treturn this;","};","Validator.prototype.isISO8601 = function(tip) {","\tif (this.goOn && (!isString(this.value) ||!v.isISO8601(this.value))) {","\t\tthis.addError(tip || this.key + \" is not a ISO8601 string format.\");","\t}","\treturn this;","};","Validator.prototype.isMACAddress = function(tip) {","\tif (this.goOn && (!isString(this.value) ||!v.isMACAddress(this.value))) {","\t\tthis.addError(tip || this.key + \" is not a MAC address format.\");","\t}","\treturn this;","};","","Validator.prototype.isISIN = function(tip) {","\tif (this.goOn && (!isString(this.value) ||!v.isISIN(this.value))) {","\t\tthis.addError(tip || this.key + \" is not a ISIN format.\");","\t}","\treturn this;","};","Validator.prototype.isFQDN = function(tip,options) {","\tif (this.goOn && (!isString(this.value) ||!v.isFQDN(this.value,options))) {","\t\tthis.addError(tip || this.key + \" is not a fully qualified domain name format.\");","\t}","\treturn this;","};","","","//Sanitizers","Validator.prototype.default = function(d) {","\tif(!this.hasError()&&!this.value){","\t\tthis.value = this.params[this.key] = d;","\t}","\treturn this;","};","Validator.prototype.toDate = function() {","\tthis.isDate();","\tif (this.goOn && !this.hasError()) {","\t\tthis.value = this.params[this.key] = v.toDate(this.value);","\t}","\treturn this;","};","Validator.prototype.toInt = function(tip, radix, options) {","\tthis.isInt(tip, options);","\tif (this.goOn && !this.hasError()) {","\t\tif('number' == typeof(this.value)) {","\t\t\treturn this;","\t\t}","\t\tthis.value = this.params[this.key] = v.toInt(this.value, radix);","\t}","\treturn this;","};","Validator.prototype.toFloat = function(tip) {","\tthis.isFloat(tip);","\tif (this.goOn && !this.hasError()) {","\t\tif('number' == typeof(this.value)) {","\t\t\treturn this;","\t\t}","\t\tthis.value = this.params[this.key] = v.toFloat(this.value);","\t}","\treturn this;","};","Validator.prototype.toJson = function(tip) {","\tif (this.goOn && !this.hasError()) {","\t\ttry{","\t\t\tif('object' == typeof(this.value)) {","\t\t\t\treturn this;","\t\t\t}","\t\t\tthis.value = this.params[this.key] = JSON.parse(this.value);","\t\t}catch(e){","\t\t\tthis.addError(tip||'not json format');","\t\t}","\t}","\treturn this;","};","Validator.prototype.toLowercase = function() {","\tif (this.goOn && !this.hasError()&&this.value) {","\t\tthis.value = this.params[this.key] = this.value.toLowerCase();","\t}","\treturn this;","};","Validator.prototype.toLow = Validator.prototype.toLowercase;","Validator.prototype.toUppercase = function() {","\tif (this.goOn && !this.hasError()&&this.value) {","\t\tthis.value = this.params[this.key] = this.value.toUpperCase();","\t}","\treturn this;","};","Validator.prototype.toUp = Validator.prototype.toUppercase;","Validator.prototype.toBoolean = function() {","\tif (this.goOn && !this.hasError()) {","\t\tif('boolean' == typeof(this.value)) {","\t\t\treturn this;","\t\t}","\t\tif('string' == typeof(this.value)){","\t\t\tthis.value = this.params[this.key] = v.toBoolean(this.value);","\t\t}","\t}","\treturn this;","};","Validator.prototype.trim = function(c) {","\tif (this.goOn && !this.hasError()) {","\t\tthis.value = this.params[this.key] = v.trim(this.value,c);","\t}","\treturn this;","};","Validator.prototype.ltrim = function(c) {","\tif (this.goOn && !this.hasError()) {","\t\tthis.value = this.params[this.key] = v.ltrim(this.value,c);","\t}","\treturn this;","};","Validator.prototype.rtrim = function(c) {","\tif (this.goOn && !this.hasError()) {","\t\tthis.value = this.params[this.key] = v.rtrim(this.value,c);","\t}","\treturn this;","};","Validator.prototype.escape = function() {","\tif (this.goOn && !this.hasError()) {","\t\tthis.value = this.params[this.key] = v.escape(this.value);","\t}","\treturn this;","};","Validator.prototype.stripLow = function(nl) {","\tif (this.goOn && !this.hasError()) {","\t\tthis.value = this.params[this.key] = v.stripLow(this.value, nl);","\t}","\treturn this;","};","Validator.prototype.whitelist = function(s) {","\tif (this.goOn && !this.hasError()) {","\t\tthis.value = this.params[this.key] = v.whitelist(this.value,s);","\t}","\treturn this;","};","Validator.prototype.blacklist = function(s) {","\tif (this.goOn && !this.hasError()) {","\t\tthis.value = this.params[this.key] = v.blacklist(this.value,s);","\t}","\treturn this;","};","Validator.prototype.encodeURI = function() {","\tif (this.goOn && !this.hasError()&&this.value) {","\t\tthis.value = this.params[this.key] = encodeURI(this.value);","\t}","\treturn this;","};","Validator.prototype.decodeURI = function(tip) {","\tif (this.goOn && !this.hasError()&&this.value) {","\t\ttry{","\t\t\tthis.value = this.params[this.key] = decodeURI(this.value);","\t\t}catch(e){","\t\t\tthis.addError(tip||'bad uri to decode.');","\t\t}","\t}","\treturn this;","};","Validator.prototype.encodeURIComponent = function() {","\tif (this.goOn && !this.hasError()&&this.value) {","\t\tthis.value = this.params[this.key] = encodeURIComponent(this.value);","\t}","\treturn this;","};","Validator.prototype.decodeURIComponent = function(tip) {","\tif (this.goOn && !this.hasError()&&this.value) {","\t\ttry{","\t\t\tthis.value = this.params[this.key] = decodeURIComponent(this.value);","\t\t}catch(e){","\t\t\tthis.addError(tip||'bad uri to decode.');","\t\t}","\t}","\treturn this;","};","Validator.prototype.replace = function(a,b) {","\tif (this.goOn && !this.hasError()&&this.value) {","\t\tthis.value = this.params[this.key] = this.value.replace(a,b);","\t}","\treturn this;","};","Validator.prototype.encodeBase64 = function() {","\tif (this.goOn && !this.hasError()&&this.value) {","\t\tthis.value = this.params[this.key] = new Buffer(this.value).toString('base64');","\t}","\treturn this;","};","Validator.prototype.decodeBase64 = function(inBuffer ,tip) {","\tif (!this.hasError()&&this.value) {","\t\ttry{","\t\t\tif(inBuffer){","\t\t\t\tthis.value = this.params[this.key] = new Buffer(this.value , 'base64');","\t\t\t}else{","\t\t\t\tthis.value = this.params[this.key] = new Buffer(this.value , 'base64').toString();","\t\t\t}","\t\t}catch(e){","\t\t\tthis.addError(tip||\"bad base64 format value\");","\t\t}","\t}","\treturn this;","};","Validator.prototype.hash = function(alg , enc) {","\tif (!this.hasError()&&this.value) {","\t\tenc = enc ||'hex';","\t\tthis.value = this.params[this.key] =require('crypto').createHash(alg).update(this.value).digest(enc);","\t}","\treturn this;","};","Validator.prototype.md5 = function() {","\tthis.hash('md5');","\treturn this;","};","Validator.prototype.sha1 = function() {","\tthis.hash('sha1');","\treturn this;","};","Validator.prototype.clone = function(key , value) {","\tif (!this.hasError()&&this.value) {","\t\tthis.value = this.params[key] = ('undefined' == typeof value?this.value:value);","\t\tthis.key = key;","\t}","\treturn this;","};","","","// for json path value","","Validator.prototype.check = function(fn ,tip, scope) {","\tif(this.goOn && !this.hasError()&&!fn.call(scope||this,this.value,this.key,this.context)) {","\t\tthis.addError(tip||this.key+\" check failed.\")","\t}","\treturn this;","}","Validator.prototype.get = function(index) {","\tif (this.value) {","\t\tthis.value = this.value[index||0]","\t}","\treturn this;","};","Validator.prototype.first = function(index) {","\treturn this.get(0);","};","Validator.prototype.filter = function(cb,scope) {","\tif (this.value&&this.value.length>0) {","\t\tvar vs = []","\t\tfor(var i = 0 ;i<this.value.length;i++) {","\t\t\tif(cb.call(scope||this,this.value[i],i,this.key,this.context)){","\t\t\t\tvs.push(this.value[i])","\t\t\t}","\t\t}","\t\tthis.value=vs;","\t}","\treturn this;","};","","Validator.prototype.type = function(t,tip) {","\tif(this.value){","\t\tif('boolean'==t || 'string'==t|| 'number' == t || 'object' == t || 'undefined' ==t){","\t\t\tif(t!=typeof(this.value)) this.addError(tip|| this.key+\" is not \"+t+\"\");","\t\t}else if ('array' == t){","\t\t\tif(!util.isArray(this.value)) this.addError(tip|| this.key+\" is not array\");","\t\t}else if ('date' == t){","\t\t\tif(!util.isDate(this.value)) this.addError(tip|| this.key+\" is not date.\");","\t\t}else if ('null' == t){","\t\t\tif(!util.isNull(this.value)) this.addError(tip|| this.key+\" is not null.\");","\t\t}else if ('nullorundefined' == t.toLowerCase()){","\t\t\tif(!util.isNullOrUndefined(this.value)) this.addError(tip|| this.key+\" is not primitive type.\");","\t\t}else if ('primitive' == t){","\t\t\tif(!util.isPrimitive(this.value)) this.addError(tip|| this.key+\" is not primitive type.\");","\t\t}else{","\t\t\tconsole.warn(\"not support this type check,type:'\"+t+\"'\")","\t\t}","\t}","\treturn this;","};","","function coFsExists(file){","\treturn function(done){","\t\tfs.exists(file,function(x){","\t\t\treturn done(null , x);","\t\t});","\t};","}","","function coFsMd(dir){","\treturn function(done){","\t\tfs.mkdir(dir , done);","\t};","}","","function coFsIsDir(file){","\treturn function(done){","\t\tfs.stat(file , function(e,r){","\t\t\tdone(e , r.isDirectory());","\t\t});","\t};","}","","function coFsCopy(src,dst){","\treturn function(done){","\t\tvar srcStream = fs.createReadStream(src);","\t\tvar dstSteam = fs.createWriteStream(dst);","","\t\tsrcStream.pipe(dstSteam);","\t\tsrcStream.on('end', function() {","\t\t\tdone();","\t\t});","\t\tsrcStream.on('error', function(e) {","\t\t\tdone(e);","\t\t});","\t};","}","","function coFsDel(file){","\treturn function(done){","\t\tfs.unlink(file ,done);","\t};","}","","function*ensureDir(dir){","\tif(!(yield coFsExists(dir))){","\t\tyield ensureDir(path.dirname(dir));","\t\tyield coFsMd(dir);","\t}","}","","function delFileAsync(path ,cb){","\tif(!path){","\t\tif(cb)cb();","\t\treturn;","\t}","\tfs.unlink(path , function(e){","\t\tif(e){","\t\t\tconsole.error(e);","\t\t}","\t\tif(cb)cb(e);","\t});","}","","function isGeneratorFunction(obj) {","  return obj && obj.constructor && 'GeneratorFunction' == obj.constructor.name;","}","","function formatSize(size){","\tif(size<1024){","\t\treturn size+\" bytes\";","\t}else if(size>=1024 && size<1024*1024){","\t\treturn (size/1024).toFixed(2)+\" kb\";","\t}else if(size >= 1024*1024 && size<1024*1024*1024){","\t\treturn (size/(1024*1024)).toFixed(2)+\" mb\";","\t}else{","\t\treturn (size/(1024*1024*1024)).toFixed(2)+\" gb\";","\t}","}","","/**","use koa-body ,file object will be {type:\"image/jpeg\",path:\"\",name:\"\",size:\"\",mtile:\"\"}","*/","function FileValidator(context, key, value, exists, params,deleteOnCheckFailed){","\tValidator.call(this,context, key, value, exists, params ,true);","\tthis.deleteOnCheckFailed = deleteOnCheckFailed;","}","require(\"util\").inherits(FileValidator, Validator);","module.exports.FileValidator = FileValidator;","","","FileValidator.prototype.notEmpty = function(tip){","\tif (this.goOn && (!this.value||this.value.size<=0)) {","\t\tthis.addError(tip || \"file \"+ this.key + \" can not be a empty file.\");","\t\tif(this.deleteOnCheckFailed){","\t\t\tdelFileAsync(this.value&&this.value.path);","\t\t}","\t}","\treturn this;","};","","FileValidator.prototype.size = function(min,max,tip){","\tif (this.goOn && (!this.value||this.value.size<min || this.value.size>max)) {","\t\tthis.addError(tip || \"file \"+(this.value && this.value.name||this.key) + \"' length must between \"+formatSize(min)+\" and \"+formatSize(max)+\".\");","\t\tif(this.deleteOnCheckFailed){","\t\t\tdelFileAsync(this.value &&this.value.path);","\t\t}","\t}","\treturn this;","};","FileValidator.prototype.contentTypeMatch = function(reg,tip){","\tif (this.goOn && (!this.value || !reg.test(this.value.type))) {","\t\tthis.addError(tip || \"file \"+ (this.value && this.value.name||this.key) + \" is bad format.\");","\t\tif(this.deleteOnCheckFailed){","\t\t\tdelFileAsync(this.value &&this.value.path);","\t\t}","\t}","\treturn this;","};","FileValidator.prototype.isImageContentType = function(tip){","\tif (this.goOn && (!this.value || 0!==this.value.type.indexOf('image/'))) {","\t\tthis.addError(tip || \"file \"+ (this.value && this.value.name||this.key) + \" is not a image format.\");","\t\tif(this.deleteOnCheckFailed){","\t\t\tdelFileAsync(this.value &&this.value.path);","\t\t}","\t}","\treturn this;","};","FileValidator.prototype.fileNameMatch = function(reg,tip){","\tif (this.goOn && (!this.value || !reg.test(this.value.name))) {","\t\tthis.addError(tip || \"file \"+ (this.value && this.value.name||this.key) + \" is bad file type.\");","\t\tif(this.deleteOnCheckFailed){","\t\t\tdelFileAsync(this.value&&this.value.path);","\t\t}","\t}","\treturn this;","};","FileValidator.prototype.suffixIn = function(arr,tip){","\tif (this.goOn && (!this.value || -1==arr.indexOf(-1==this.value.name.lastIndexOf('.')?\"\":this.value.name.substring(this.value.name.lastIndexOf('.')+1)))) {","\t\tthis.addError(tip || \"file \"+ (this.value && this.value.name||this.key) + \" is bad file type.\");","\t\tif(this.deleteOnCheckFailed){","\t\t\tdelFileAsync(this.value &&this.value.path);","\t\t}","\t}","\treturn this;","};","FileValidator.prototype.move = function*(dst,afterMove){","\tif (this.goOn && this.value ) {","\t\tyield this.copy(dst);","\t\tyield coFsDel(this.value.path);","\t\tif('function' == typeof afterMove){","\t\t\tif(isGeneratorFunction(afterMove)){","\t\t\t\tyield afterMove(this.value,this.key,this.context);","\t\t\t}else{","\t\t\t\tafterMove(this.value,this.key,this.context);","\t\t\t}","\t\t}","\t}","\treturn this;","};","FileValidator.prototype.copy = function*(dst,afterCopy){","\tif (this.goOn && this.value ) {","\t\tvar dstFile = dst;","\t\tif('function' == typeof dst){","\t\t\tif(isGeneratorFunction(dst)){","\t\t\t\tdstFile = yield dst(this.value,this.key,this.context);","\t\t\t}else{","\t\t\t\tdstFile = dst(this.value,this.key,this.context);","\t\t\t}","\t\t}","\t\tif(!(yield coFsExists(this.value.path))){","\t\t\tthis.addError('upload file not exists');","\t\t\treturn;","\t\t}","\t\tif(dstFile.length-1 == dstFile.lastIndexOf('/') ||dstFile.length-1 == dstFile.lastIndexOf('\\\\')||(yield coFsExists(dstFile)) && (yield coFsIsDir(dstFile))){","\t\t\tdstFile = path.join(dstFile , path.basename(this.value.path));","\t\t}","\t\tyield ensureDir(path.dirname(dstFile));","\t\tyield coFsCopy(this.value.path,dstFile);","\t\tthis.value.newPath = dstFile;","\t\tif('function' == typeof afterCopy){","\t\t\tif(isGeneratorFunction(afterCopy)){","\t\t\t\tyield afterCopy(this.value,this.key,this.context);","\t\t\t}else{","\t\t\t\tafterCopy(this.value,this.key,this.context);","\t\t\t}","\t\t}","\t}","\treturn this;","};","FileValidator.prototype.delete = function*(){","\tif (this.goOn && this.value ) {","\t\tyield coFsDel(this.value.path);","\t}","\treturn this;","};",""],"l":{"2":1,"8":1,"9":0,"10":0,"12":0,"15":1,"16":0,"17":0,"19":0,"22":1,"23":0,"24":0,"26":0,"27":0,"29":0,"30":0,"32":0,"33":0,"35":0,"36":0,"37":0,"39":0,"41":0,"42":0,"44":0,"45":0,"46":0,"47":0,"49":0,"51":0,"52":0,"53":0,"61":1,"62":0,"63":0,"66":1,"68":1,"69":0,"70":0,"71":0,"72":0,"73":0,"74":0,"75":0,"76":0,"80":1,"82":1,"83":0,"84":0,"85":0,"87":0,"88":0,"90":0,"91":0,"92":0,"95":1,"96":0,"98":1,"99":0,"100":0,"102":0,"104":1,"105":0,"106":0,"108":0,"110":1,"111":0,"112":0,"113":0,"116":0,"118":1,"119":0,"120":0,"122":0,"124":1,"125":0,"126":0,"128":0,"130":1,"131":0,"132":0,"134":0,"141":1,"142":0,"143":0,"145":0,"148":1,"149":0,"150":0,"151":0,"153":0,"156":1,"157":0,"158":0,"159":0,"161":0,"164":1,"165":0,"166":0,"168":0,"170":1,"171":0,"172":0,"174":0,"177":1,"178":0,"179":0,"180":0,"181":0,"182":0,"183":0,"184":0,"185":0,"187":0,"188":0,"189":0,"192":0,"194":1,"195":1,"196":0,"197":0,"198":0,"199":0,"202":0,"204":0,"206":1,"207":1,"208":0,"209":0,"211":0,"213":1,"214":0,"215":0,"217":0,"219":1,"220":0,"221":0,"223":0,"225":1,"226":0,"227":0,"229":0,"231":1,"232":0,"233":0,"235":0,"237":1,"238":0,"239":0,"241":0,"243":1,"244":0,"245":0,"247":0,"249":1,"250":0,"251":0,"253":0,"255":1,"256":0,"257":0,"259":0,"261":1,"262":0,"263":0,"265":0,"267":1,"268":0,"269":0,"271":0,"273":1,"274":0,"275":0,"277":0,"279":1,"280":0,"281":0,"283":0,"286":1,"287":0,"288":0,"290":0,"292":1,"293":0,"294":0,"296":0,"298":1,"299":0,"300":0,"302":0,"304":1,"305":0,"306":0,"308":0,"310":1,"311":0,"312":0,"314":0,"316":1,"317":0,"318":0,"320":0,"322":1,"323":0,"324":0,"326":0,"328":1,"329":0,"330":0,"332":0,"334":1,"335":0,"336":0,"337":0,"338":0,"339":0,"340":0,"341":0,"342":0,"343":0,"346":0,"348":1,"349":1,"350":0,"351":0,"353":0,"355":1,"356":0,"357":0,"359":0,"361":1,"362":0,"363":0,"364":0,"366":0,"369":1,"370":0,"371":0,"373":0,"375":1,"376":0,"377":0,"379":0,"381":1,"382":0,"383":0,"385":0,"387":1,"388":0,"389":0,"391":0,"393":1,"394":0,"395":0,"397":0,"400":1,"401":0,"402":0,"404":0,"406":1,"407":0,"408":0,"410":0,"412":1,"413":0,"414":0,"416":0,"418":1,"419":0,"420":0,"422":0,"424":1,"425":0,"426":0,"428":0,"430":1,"431":0,"432":0,"434":0,"436":1,"437":0,"438":0,"440":0,"442":1,"443":0,"444":0,"446":0,"448":1,"449":0,"450":0,"452":0,"454":1,"455":0,"456":0,"458":0,"460":1,"461":0,"462":0,"464":0,"467":1,"468":0,"469":0,"471":0,"473":1,"474":0,"475":0,"477":0,"482":1,"483":0,"484":0,"486":0,"488":1,"489":0,"490":0,"491":0,"493":0,"495":1,"496":0,"497":0,"498":0,"499":0,"501":0,"503":0,"505":1,"506":0,"507":0,"508":0,"509":0,"511":0,"513":0,"515":1,"516":0,"517":0,"518":0,"519":0,"521":0,"523":0,"526":0,"528":1,"529":0,"530":0,"532":0,"534":1,"535":1,"536":0,"537":0,"539":0,"541":1,"542":1,"543":0,"544":0,"545":0,"547":0,"548":0,"551":0,"553":1,"554":0,"555":0,"557":0,"559":1,"560":0,"561":0,"563":0,"565":1,"566":0,"567":0,"569":0,"571":1,"572":0,"573":0,"575":0,"577":1,"578":0,"579":0,"581":0,"583":1,"584":0,"585":0,"587":0,"589":1,"590":0,"591":0,"593":0,"595":1,"596":0,"597":0,"599":0,"601":1,"602":0,"603":0,"604":0,"606":0,"609":0,"611":1,"612":0,"613":0,"615":0,"617":1,"618":0,"619":0,"620":0,"622":0,"625":0,"627":1,"628":0,"629":0,"631":0,"633":1,"634":0,"635":0,"637":0,"639":1,"640":0,"641":0,"642":0,"643":0,"645":0,"648":0,"651":0,"653":1,"654":0,"655":0,"656":0,"658":0,"660":1,"661":0,"662":0,"664":1,"665":0,"666":0,"668":1,"669":0,"670":0,"671":0,"673":0,"679":1,"680":0,"681":0,"683":0,"685":1,"686":0,"687":0,"689":0,"691":1,"692":0,"694":1,"695":0,"696":0,"697":0,"698":0,"699":0,"702":0,"704":0,"707":1,"708":0,"709":0,"710":0,"711":0,"712":0,"713":0,"714":0,"715":0,"716":0,"717":0,"718":0,"719":0,"720":0,"722":0,"725":0,"728":1,"729":0,"730":0,"731":0,"736":1,"737":0,"738":0,"742":1,"743":0,"744":0,"745":0,"750":1,"751":0,"752":0,"753":0,"755":0,"756":0,"757":0,"759":0,"760":0,"765":1,"766":0,"767":0,"771":1,"772":0,"773":0,"774":0,"778":1,"779":0,"780":0,"781":0,"783":0,"784":0,"785":0,"787":0,"791":1,"792":0,"795":1,"796":0,"797":0,"798":0,"799":0,"800":0,"801":0,"803":0,"810":1,"811":0,"812":0,"814":1,"815":1,"818":1,"819":0,"820":0,"821":0,"822":0,"825":0,"828":1,"829":0,"830":0,"831":0,"832":0,"835":0,"837":1,"838":0,"839":0,"840":0,"841":0,"844":0,"846":1,"847":0,"848":0,"849":0,"850":0,"853":0,"855":1,"856":0,"857":0,"858":0,"859":0,"862":0,"864":1,"865":0,"866":0,"867":0,"868":0,"871":0,"873":1,"874":0,"875":0,"876":0,"877":0,"878":0,"879":0,"881":0,"885":0,"887":1,"888":0,"889":0,"890":0,"891":0,"892":0,"894":0,"897":0,"898":0,"899":0,"901":0,"902":0,"904":0,"905":0,"906":0,"907":0,"908":0,"909":0,"911":0,"915":0,"917":1,"918":0,"919":0,"921":0}}}